mode: atomic
github.com/bruli-lab/stowmark/internal/domain/encryption/asymmetric_key_pair.go:11.2,12.1 1 0
github.com/bruli-lab/stowmark/internal/domain/encryption/asymmetric_key_pair.go:15.2,16.1 1 0
github.com/bruli-lab/stowmark/internal/domain/encryption/asymmetric_key_pair.go:19.2,20.16 2 1
github.com/bruli-lab/stowmark/internal/domain/encryption/asymmetric_key_pair.go:21.3,22.1 1 0
github.com/bruli-lab/stowmark/internal/domain/encryption/asymmetric_key_pair.go:23.2,28.8 3 1
github.com/bruli-lab/stowmark/internal/domain/encryption/create_asymmetric_key_pair.go:17.2,18.16 2 3
github.com/bruli-lab/stowmark/internal/domain/encryption/create_asymmetric_key_pair.go:19.3,20.1 1 0
github.com/bruli-lab/stowmark/internal/domain/encryption/create_asymmetric_key_pair.go:21.2,21.46 1 3
github.com/bruli-lab/stowmark/internal/domain/encryption/create_asymmetric_key_pair.go:22.3,23.1 1 0
github.com/bruli-lab/stowmark/internal/domain/encryption/create_asymmetric_key_pair.go:24.2,24.86 1 3
github.com/bruli-lab/stowmark/internal/domain/encryption/create_asymmetric_key_pair.go:25.3,26.1 1 2
github.com/bruli-lab/stowmark/internal/domain/encryption/create_asymmetric_key_pair.go:27.2,27.79 1 1
github.com/bruli-lab/stowmark/internal/domain/encryption/create_asymmetric_key_pair.go:31.2,32.1 1 3
github.com/bruli-lab/stowmark/internal/domain/encryption/create_encryption_config.go:15.2,16.16 2 5
github.com/bruli-lab/stowmark/internal/domain/encryption/create_encryption_config.go:17.3,18.1 1 1
github.com/bruli-lab/stowmark/internal/domain/encryption/create_encryption_config.go:19.2,20.16 2 4
github.com/bruli-lab/stowmark/internal/domain/encryption/create_encryption_config.go:21.3,22.1 1 1
github.com/bruli-lab/stowmark/internal/domain/encryption/create_encryption_config.go:23.2,25.16 3 3
github.com/bruli-lab/stowmark/internal/domain/encryption/create_encryption_config.go:26.3,27.1 1 1
github.com/bruli-lab/stowmark/internal/domain/encryption/create_encryption_config.go:28.2,29.16 2 2
github.com/bruli-lab/stowmark/internal/domain/encryption/create_encryption_config.go:30.3,31.1 1 1
github.com/bruli-lab/stowmark/internal/domain/encryption/create_encryption_config.go:32.2,32.106 1 1
github.com/bruli-lab/stowmark/internal/domain/encryption/create_encryption_config.go:36.2,37.1 1 5
github.com/bruli-lab/stowmark/internal/domain/encryption/decrypt_symmetric_key.go:16.2,18.30 3 4
github.com/bruli-lab/stowmark/internal/domain/encryption/decrypt_symmetric_key.go:19.3,20.17 2 3
github.com/bruli-lab/stowmark/internal/domain/encryption/decrypt_symmetric_key.go:21.4,22.1 1 1
github.com/bruli-lab/stowmark/internal/domain/encryption/decrypt_symmetric_key.go:23.3,24.17 2 2
github.com/bruli-lab/stowmark/internal/domain/encryption/decrypt_symmetric_key.go:25.4,26.1 1 1
github.com/bruli-lab/stowmark/internal/domain/encryption/decrypt_symmetric_key.go:27.3,27.32 1 1
github.com/bruli-lab/stowmark/internal/domain/encryption/decrypt_symmetric_key.go:29.2,29.28 1 2
github.com/bruli-lab/stowmark/internal/domain/encryption/decrypt_symmetric_key.go:33.2,34.1 1 3
github.com/bruli-lab/stowmark/internal/domain/encryption/encryption_config.go:17.2,18.1 1 0
github.com/bruli-lab/stowmark/internal/domain/encryption/encryption_config.go:21.2,22.1 1 0
github.com/bruli-lab/stowmark/internal/domain/encryption/encryption_config.go:25.2,26.1 1 0
github.com/bruli-lab/stowmark/internal/domain/encryption/encryption_config.go:29.2,30.1 1 1
github.com/bruli-lab/stowmark/internal/domain/encryption/encryption_config.go:33.2,34.1 1 0
github.com/bruli-lab/stowmark/internal/domain/encryption/encryption_config.go:37.2,38.1 1 0
github.com/bruli-lab/stowmark/internal/domain/encryption/encryption_config.go:41.2,42.1 1 1
github.com/bruli-lab/stowmark/internal/domain/encryption/encryption_config.go:45.2,46.1 1 0
github.com/bruli-lab/stowmark/internal/domain/encryption/encryption_config.go:49.2,55.1 1 1
github.com/bruli-lab/stowmark/internal/domain/encryption/id.go:10.2,11.1 2 1
github.com/bruli-lab/stowmark/internal/domain/encryption/id.go:12.2,12.43 2 1
github.com/bruli-lab/stowmark/internal/domain/encryption/id.go:13.3,14.1 1 0
github.com/bruli-lab/stowmark/internal/domain/encryption/id.go:16.2,16.38 1 1
github.com/bruli-lab/stowmark/internal/domain/encryption/repositories_mock.go:110.2,110.38 1 3
github.com/bruli-lab/stowmark/internal/domain/encryption/repositories_mock.go:111.3,111.144 1 0
github.com/bruli-lab/stowmark/internal/domain/encryption/repositories_mock.go:113.2,121.1 5 3
github.com/bruli-lab/stowmark/internal/domain/encryption/repositories_mock.go:122.2,125.61 5 3
github.com/bruli-lab/stowmark/internal/domain/encryption/repositories_mock.go:137.2,141.1 5 0
github.com/bruli-lab/stowmark/internal/domain/encryption/repositories_mock.go:142.2,146.1 5 0
github.com/bruli-lab/stowmark/internal/domain/encryption/repositories_mock.go:150.2,150.37 1 1
github.com/bruli-lab/stowmark/internal/domain/encryption/repositories_mock.go:151.3,151.142 1 0
github.com/bruli-lab/stowmark/internal/domain/encryption/repositories_mock.go:153.2,161.1 5 1
github.com/bruli-lab/stowmark/internal/domain/encryption/repositories_mock.go:162.2,165.59 5 1
github.com/bruli-lab/stowmark/internal/domain/encryption/repositories_mock.go:177.2,181.1 5 0
github.com/bruli-lab/stowmark/internal/domain/encryption/repositories_mock.go:182.2,186.1 5 0
github.com/bruli-lab/stowmark/internal/domain/encryption/repositories_mock.go:190.2,190.42 1 2
github.com/bruli-lab/stowmark/internal/domain/encryption/repositories_mock.go:191.3,191.152 1 0
github.com/bruli-lab/stowmark/internal/domain/encryption/repositories_mock.go:193.2,199.1 5 2
github.com/bruli-lab/stowmark/internal/domain/encryption/repositories_mock.go:200.2,203.54 5 2
github.com/bruli-lab/stowmark/internal/domain/encryption/repositories_mock.go:214.2,217.1 5 0
github.com/bruli-lab/stowmark/internal/domain/encryption/repositories_mock.go:218.2,222.1 5 0
github.com/bruli-lab/stowmark/internal/domain/encryption/repositories_mock.go:226.2,226.39 1 3
github.com/bruli-lab/stowmark/internal/domain/encryption/repositories_mock.go:227.3,227.146 1 0
github.com/bruli-lab/stowmark/internal/domain/encryption/repositories_mock.go:229.2,235.1 5 3
github.com/bruli-lab/stowmark/internal/domain/encryption/repositories_mock.go:236.2,239.50 5 3
github.com/bruli-lab/stowmark/internal/domain/encryption/repositories_mock.go:250.2,253.1 5 0
github.com/bruli-lab/stowmark/internal/domain/encryption/repositories_mock.go:254.2,258.1 5 0
github.com/bruli-lab/stowmark/internal/domain/encryption/repositories_mock.go:262.2,262.38 1 5
github.com/bruli-lab/stowmark/internal/domain/encryption/repositories_mock.go:263.3,263.144 1 0
github.com/bruli-lab/stowmark/internal/domain/encryption/repositories_mock.go:265.2,271.1 5 5
github.com/bruli-lab/stowmark/internal/domain/encryption/repositories_mock.go:272.2,275.49 5 5
github.com/bruli-lab/stowmark/internal/domain/encryption/repositories_mock.go:286.2,289.1 5 0
github.com/bruli-lab/stowmark/internal/domain/encryption/repositories_mock.go:290.2,294.1 5 0
github.com/bruli-lab/stowmark/internal/domain/encryption/repositories_mock.go:364.2,364.50 1 2
github.com/bruli-lab/stowmark/internal/domain/encryption/repositories_mock.go:365.3,365.158 1 0
github.com/bruli-lab/stowmark/internal/domain/encryption/repositories_mock.go:367.2,375.1 5 2
github.com/bruli-lab/stowmark/internal/domain/encryption/repositories_mock.go:376.2,379.75 5 2
github.com/bruli-lab/stowmark/internal/domain/encryption/repositories_mock.go:391.2,395.1 5 0
github.com/bruli-lab/stowmark/internal/domain/encryption/repositories_mock.go:396.2,400.1 5 0
github.com/bruli-lab/stowmark/internal/domain/encryption/repositories_mock.go:404.2,404.41 1 3
github.com/bruli-lab/stowmark/internal/domain/encryption/repositories_mock.go:405.3,405.140 1 0
github.com/bruli-lab/stowmark/internal/domain/encryption/repositories_mock.go:407.2,415.1 5 3
github.com/bruli-lab/stowmark/internal/domain/encryption/repositories_mock.go:416.2,419.67 5 3
github.com/bruli-lab/stowmark/internal/domain/encryption/repositories_mock.go:431.2,435.1 5 0
github.com/bruli-lab/stowmark/internal/domain/encryption/repositories_mock.go:436.2,440.1 5 0
github.com/bruli-lab/stowmark/internal/domain/encryption/repositories_mock.go:444.2,444.42 1 4
github.com/bruli-lab/stowmark/internal/domain/encryption/repositories_mock.go:445.3,445.142 1 0
github.com/bruli-lab/stowmark/internal/domain/encryption/repositories_mock.go:447.2,451.1 5 4
github.com/bruli-lab/stowmark/internal/domain/encryption/repositories_mock.go:452.2,455.43 5 4
github.com/bruli-lab/stowmark/internal/domain/encryption/repositories_mock.go:465.2,467.1 5 0
github.com/bruli-lab/stowmark/internal/domain/encryption/repositories_mock.go:468.2,472.1 5 0
github.com/bruli-lab/stowmark/internal/app/create_snapshot.go:21.2,22.1 1 0
github.com/bruli-lab/stowmark/internal/app/create_snapshot.go:29.2,30.9 2 0
github.com/bruli-lab/stowmark/internal/app/create_snapshot.go:31.3,32.1 1 0
github.com/bruli-lab/stowmark/internal/app/create_snapshot.go:33.2,34.16 2 0
github.com/bruli-lab/stowmark/internal/app/create_snapshot.go:35.3,36.1 1 0
github.com/bruli-lab/stowmark/internal/app/create_snapshot.go:37.2,39.8 1 0
github.com/bruli-lab/stowmark/internal/app/create_snapshot.go:43.2,44.1 1 0
github.com/bruli-lab/stowmark/internal/app/create_snapshot.go:58.2,63.1 1 0
github.com/bruli-lab/stowmark/internal/app/generate_key.go:18.2,19.1 1 0
github.com/bruli-lab/stowmark/internal/app/generate_key.go:26.2,27.9 2 0
github.com/bruli-lab/stowmark/internal/app/generate_key.go:28.3,29.1 1 0
github.com/bruli-lab/stowmark/internal/app/generate_key.go:30.2,30.51 1 0
github.com/bruli-lab/stowmark/internal/app/generate_key.go:31.3,32.1 1 0
github.com/bruli-lab/stowmark/internal/app/generate_key.go:33.2,33.17 1 0
github.com/bruli-lab/stowmark/internal/app/generate_key.go:37.2,38.1 1 0
github.com/bruli-lab/stowmark/internal/app/init.go:20.2,21.1 1 0
github.com/bruli-lab/stowmark/internal/app/init.go:28.2,29.9 2 0
github.com/bruli-lab/stowmark/internal/app/init.go:30.3,31.1 1 0
github.com/bruli-lab/stowmark/internal/app/init.go:32.2,33.16 2 0
github.com/bruli-lab/stowmark/internal/app/init.go:34.3,35.1 1 0
github.com/bruli-lab/stowmark/internal/app/init.go:36.2,38.8 1 0
github.com/bruli-lab/stowmark/internal/app/init.go:42.2,43.1 1 0
github.com/bruli-lab/stowmark/internal/app/init.go:52.2,56.1 1 0
github.com/bruli-lab/stowmark/internal/app/logger_command_middleware.go:13.2,13.58 1 0
github.com/bruli-lab/stowmark/internal/app/logger_command_middleware.go:14.3,14.99 1 0
github.com/bruli-lab/stowmark/internal/app/logger_command_middleware.go:15.4,16.1 5 0
github.com/bruli-lab/stowmark/internal/app/logger_command_middleware.go:17.4,18.1 5 0
github.com/bruli-lab/stowmark/internal/app/logger_command_middleware.go:19.4,20.1 5 0
github.com/bruli-lab/stowmark/internal/app/logger_command_middleware.go:21.4,25.1 5 0
github.com/bruli-lab/stowmark/internal/app/logger_command_middleware.go:27.4,27.18 5 0
github.com/bruli-lab/stowmark/internal/app/logger_command_middleware.go:28.5,29.1 3 0
github.com/bruli-lab/stowmark/internal/app/logger_command_middleware.go:30.5,31.1 3 0
github.com/bruli-lab/stowmark/internal/app/logger_command_middleware.go:32.5,33.1 3 0
github.com/bruli-lab/stowmark/internal/app/logger_command_middleware.go:35.4,36.1 3 0
github.com/bruli-lab/stowmark/internal/app/logger_command_middleware.go:37.4,38.1 3 0
github.com/bruli-lab/stowmark/internal/app/logger_command_middleware.go:39.4,39.22 3 0
github.com/bruli-lab/stowmark/internal/app/logger_query_middleware.go:12.2,12.54 1 0
github.com/bruli-lab/stowmark/internal/app/logger_query_middleware.go:13.3,13.87 1 0
github.com/bruli-lab/stowmark/internal/app/logger_query_middleware.go:14.4,15.1 5 0
github.com/bruli-lab/stowmark/internal/app/logger_query_middleware.go:16.4,17.1 5 0
github.com/bruli-lab/stowmark/internal/app/logger_query_middleware.go:18.4,19.1 5 0
github.com/bruli-lab/stowmark/internal/app/logger_query_middleware.go:20.4,23.1 5 0
github.com/bruli-lab/stowmark/internal/app/logger_query_middleware.go:25.4,25.18 5 0
github.com/bruli-lab/stowmark/internal/app/logger_query_middleware.go:26.5,27.1 3 0
github.com/bruli-lab/stowmark/internal/app/logger_query_middleware.go:28.5,29.1 3 0
github.com/bruli-lab/stowmark/internal/app/logger_query_middleware.go:30.5,31.1 3 0
github.com/bruli-lab/stowmark/internal/app/logger_query_middleware.go:33.4,34.1 3 0
github.com/bruli-lab/stowmark/internal/app/logger_query_middleware.go:35.4,36.1 3 0
github.com/bruli-lab/stowmark/internal/app/logger_query_middleware.go:37.4,37.22 3 0
github.com/bruli-lab/stowmark/internal/app/manifest_get.go:17.2,18.1 1 0
github.com/bruli-lab/stowmark/internal/app/manifest_get.go:25.2,26.9 2 0
github.com/bruli-lab/stowmark/internal/app/manifest_get.go:27.3,28.1 1 0
github.com/bruli-lab/stowmark/internal/app/manifest_get.go:29.2,29.37 1 0
github.com/bruli-lab/stowmark/internal/app/manifest_get.go:33.2,34.1 1 0
github.com/bruli-lab/stowmark/internal/app/meter_command_middleware.go:15.2,17.16 3 0
github.com/bruli-lab/stowmark/internal/app/meter_command_middleware.go:18.3,19.1 1 0
github.com/bruli-lab/stowmark/internal/app/meter_command_middleware.go:20.2,20.58 1 0
github.com/bruli-lab/stowmark/internal/app/meter_command_middleware.go:21.3,22.70 1 0
github.com/bruli-lab/stowmark/internal/app/meter_command_middleware.go:23.5,24.1 4 0
github.com/bruli-lab/stowmark/internal/app/meter_command_middleware.go:25.5,26.1 4 0
github.com/bruli-lab/stowmark/internal/app/meter_command_middleware.go:27.5,28.19 4 0
github.com/bruli-lab/stowmark/internal/app/meter_command_middleware.go:29.6,30.1 1 0
github.com/bruli-lab/stowmark/internal/app/meter_command_middleware.go:32.5,37.1 4 0
github.com/bruli-lab/stowmark/internal/app/meter_command_middleware.go:38.5,39.1 4 0
github.com/bruli-lab/stowmark/internal/app/meter_command_middleware.go:40.5,41.1 4 0
github.com/bruli-lab/stowmark/internal/app/meter_command_middleware.go:42.5,42.24 4 0
github.com/bruli-lab/stowmark/internal/app/meter_command_middleware.go:43.6,46.1 1 0
github.com/bruli-lab/stowmark/internal/app/meter_command_middleware.go:48.5,48.23 1 0
github.com/bruli-lab/stowmark/internal/app/meter_query_middleware.go:15.2,16.1 3 0
github.com/bruli-lab/stowmark/internal/app/meter_query_middleware.go:17.2,18.16 3 0
github.com/bruli-lab/stowmark/internal/app/meter_query_middleware.go:19.3,20.1 1 0
github.com/bruli-lab/stowmark/internal/app/meter_query_middleware.go:22.2,22.54 1 0
github.com/bruli-lab/stowmark/internal/app/meter_query_middleware.go:23.3,24.60 1 0
github.com/bruli-lab/stowmark/internal/app/meter_query_middleware.go:25.5,26.1 4 0
github.com/bruli-lab/stowmark/internal/app/meter_query_middleware.go:27.5,28.1 4 0
github.com/bruli-lab/stowmark/internal/app/meter_query_middleware.go:29.5,30.19 4 0
github.com/bruli-lab/stowmark/internal/app/meter_query_middleware.go:31.6,32.1 1 0
github.com/bruli-lab/stowmark/internal/app/meter_query_middleware.go:34.5,39.1 4 0
github.com/bruli-lab/stowmark/internal/app/meter_query_middleware.go:40.5,41.1 4 0
github.com/bruli-lab/stowmark/internal/app/meter_query_middleware.go:42.5,43.1 4 0
github.com/bruli-lab/stowmark/internal/app/meter_query_middleware.go:44.5,44.23 4 0
github.com/bruli-lab/stowmark/internal/app/rekey_key.go:21.2,22.1 1 0
github.com/bruli-lab/stowmark/internal/app/rekey_key.go:29.2,30.9 2 0
github.com/bruli-lab/stowmark/internal/app/rekey_key.go:31.3,32.1 1 0
github.com/bruli-lab/stowmark/internal/app/rekey_key.go:33.2,33.83 1 0
github.com/bruli-lab/stowmark/internal/app/rekey_key.go:37.2,38.1 1 0
github.com/bruli-lab/stowmark/internal/app/restore_file.go:19.2,20.1 1 0
github.com/bruli-lab/stowmark/internal/app/restore_file.go:27.2,28.9 2 0
github.com/bruli-lab/stowmark/internal/app/restore_file.go:29.3,30.1 1 0
github.com/bruli-lab/stowmark/internal/app/restore_file.go:31.2,31.118 1 0
github.com/bruli-lab/stowmark/internal/app/restore_file.go:35.2,36.1 1 0
github.com/bruli-lab/stowmark/internal/app/restore_snapshot.go:22.2,23.1 1 0
github.com/bruli-lab/stowmark/internal/app/restore_snapshot.go:30.2,31.9 2 0
github.com/bruli-lab/stowmark/internal/app/restore_snapshot.go:32.3,33.1 1 0
github.com/bruli-lab/stowmark/internal/app/restore_snapshot.go:34.2,35.16 2 0
github.com/bruli-lab/stowmark/internal/app/restore_snapshot.go:36.3,37.1 1 0
github.com/bruli-lab/stowmark/internal/app/restore_snapshot.go:38.2,39.36 2 0
github.com/bruli-lab/stowmark/internal/app/restore_snapshot.go:40.3,43.1 1 0
github.com/bruli-lab/stowmark/internal/app/restore_snapshot.go:45.2,47.8 1 0
github.com/bruli-lab/stowmark/internal/app/restore_snapshot.go:51.2,52.1 1 0
github.com/bruli-lab/stowmark/internal/app/restore_snapshot.go:67.2,73.1 1 0
github.com/bruli-lab/stowmark/internal/app/rewrap_key.go:22.2,23.1 1 0
github.com/bruli-lab/stowmark/internal/app/rewrap_key.go:30.2,31.9 2 0
github.com/bruli-lab/stowmark/internal/app/rewrap_key.go:32.3,33.1 1 0
github.com/bruli-lab/stowmark/internal/app/rewrap_key.go:34.2,34.81 1 0
github.com/bruli-lab/stowmark/internal/app/rewrap_key.go:38.2,39.1 1 0
github.com/bruli-lab/stowmark/internal/app/snapshost_list.go:15.2,16.1 1 0
github.com/bruli-lab/stowmark/internal/app/snapshost_list.go:23.2,24.1 1 0
github.com/bruli-lab/stowmark/internal/app/snapshost_list.go:27.2,28.1 1 0
github.com/bruli-lab/stowmark/internal/app/tracer_command_middleware.go:15.2,16.58 2 0
github.com/bruli-lab/stowmark/internal/app/tracer_command_middleware.go:17.3,17.99 1 0
github.com/bruli-lab/stowmark/internal/app/tracer_command_middleware.go:18.4,21.18 4 0
github.com/bruli-lab/stowmark/internal/app/tracer_command_middleware.go:22.5,24.1 2 0
github.com/bruli-lab/stowmark/internal/app/tracer_command_middleware.go:25.4,25.22 1 0
github.com/bruli-lab/stowmark/internal/app/tracer_query_middleware.go:12.2,13.54 2 0
github.com/bruli-lab/stowmark/internal/app/tracer_query_middleware.go:14.3,14.87 1 0
github.com/bruli-lab/stowmark/internal/app/tracer_query_middleware.go:15.4,18.18 4 0
github.com/bruli-lab/stowmark/internal/app/tracer_query_middleware.go:19.5,21.1 2 0
github.com/bruli-lab/stowmark/internal/app/tracer_query_middleware.go:22.4,22.22 1 0
github.com/bruli-lab/stowmark/internal/app/verify_snapshot.go:19.2,20.1 1 0
github.com/bruli-lab/stowmark/internal/app/verify_snapshot.go:27.2,28.9 2 0
github.com/bruli-lab/stowmark/internal/app/verify_snapshot.go:29.3,30.1 1 0
github.com/bruli-lab/stowmark/internal/app/verify_snapshot.go:31.2,31.76 1 0
github.com/bruli-lab/stowmark/internal/app/verify_snapshot.go:35.2,36.1 1 0
github.com/bruli-lab/stowmark/cmd/cli/main.go:11.2,11.38 1 0
github.com/bruli-lab/stowmark/cmd/cli/main.go:12.3,14.1 2 0
github.com/bruli-lab/stowmark/internal/config/gcs_config.go:15.2,17.57 3 4
github.com/bruli-lab/stowmark/internal/config/gcs_config.go:18.3,22.1 1 2
github.com/bruli-lab/stowmark/internal/config/gcs_config.go:23.2,23.13 1 4
github.com/bruli-lab/stowmark/internal/config/observability_config.go:13.2,16.1 3 2
github.com/bruli-lab/stowmark/internal/config/s3_config.go:14.2,15.40 2 4
github.com/bruli-lab/stowmark/internal/config/s3_config.go:16.3,17.1 1 2
github.com/bruli-lab/stowmark/internal/config/s3_config.go:18.2,18.18 1 2
github.com/bruli-lab/stowmark/internal/config/smb_config.go:10.2,11.83 2 3
github.com/bruli-lab/stowmark/internal/config/smb_config.go:12.3,13.1 1 2
github.com/bruli-lab/stowmark/internal/config/smb_config.go:14.2,14.18 1 1
github.com/bruli-lab/stowmark/internal/config/ssh_config.go:12.2,13.83 2 3
github.com/bruli-lab/stowmark/internal/config/ssh_config.go:14.3,15.1 1 2
github.com/bruli-lab/stowmark/internal/config/ssh_config.go:16.2,16.18 1 1
github.com/bruli-lab/stowmark/internal/config/webdav_config.go:11.2,12.1 2 3
github.com/bruli-lab/stowmark/internal/config/webdav_config.go:13.2,13.83 2 3
github.com/bruli-lab/stowmark/internal/config/webdav_config.go:14.3,15.1 1 2
github.com/bruli-lab/stowmark/internal/config/webdav_config.go:16.2,16.18 1 1
github.com/bruli-lab/stowmark/internal/domain/repository/compression.go:43.2,44.1 1 4
github.com/bruli-lab/stowmark/internal/domain/repository/compression.go:47.2,48.9 2 5
github.com/bruli-lab/stowmark/internal/domain/repository/compression.go:49.3,50.1 1 1
github.com/bruli-lab/stowmark/internal/domain/repository/compression.go:51.2,51.17 1 4
github.com/bruli-lab/stowmark/internal/domain/repository/compression.go:60.2,61.1 1 6
github.com/bruli-lab/stowmark/internal/domain/repository/compression.go:64.2,65.1 1 6
github.com/bruli-lab/stowmark/internal/domain/repository/compression.go:68.2,68.20 1 18
github.com/bruli-lab/stowmark/internal/domain/repository/compression.go:70.3,70.21 1 3
github.com/bruli-lab/stowmark/internal/domain/repository/compression.go:71.4,72.1 1 1
github.com/bruli-lab/stowmark/internal/domain/repository/compression.go:73.3,73.65 1 3
github.com/bruli-lab/stowmark/internal/domain/repository/compression.go:74.4,75.1 1 1
github.com/bruli-lab/stowmark/internal/domain/repository/compression.go:77.3,77.21 1 2
github.com/bruli-lab/stowmark/internal/domain/repository/compression.go:78.4,79.1 1 1
github.com/bruli-lab/stowmark/internal/domain/repository/compression.go:80.3,80.65 1 2
github.com/bruli-lab/stowmark/internal/domain/repository/compression.go:81.4,82.1 1 1
github.com/bruli-lab/stowmark/internal/domain/repository/compression.go:84.3,84.21 1 2
github.com/bruli-lab/stowmark/internal/domain/repository/compression.go:85.4,86.1 1 1
github.com/bruli-lab/stowmark/internal/domain/repository/compression.go:87.3,87.63 1 2
github.com/bruli-lab/stowmark/internal/domain/repository/compression.go:88.4,89.1 1 1
github.com/bruli-lab/stowmark/internal/domain/repository/compression.go:91.3,91.16 1 11
github.com/bruli-lab/stowmark/internal/domain/repository/compression.go:93.2,93.12 1 15
github.com/bruli-lab/stowmark/internal/domain/repository/compression.go:97.2,98.40 2 18
github.com/bruli-lab/stowmark/internal/domain/repository/compression.go:99.3,100.1 1 3
github.com/bruli-lab/stowmark/internal/domain/repository/compression.go:101.2,101.19 1 15
github.com/bruli-lab/stowmark/internal/domain/repository/config.go:19.2,20.1 1 32
github.com/bruli-lab/stowmark/internal/domain/repository/config.go:23.2,24.1 1 0
github.com/bruli-lab/stowmark/internal/domain/repository/config.go:27.2,28.1 1 8
github.com/bruli-lab/stowmark/internal/domain/repository/config.go:31.2,32.1 1 0
github.com/bruli-lab/stowmark/internal/domain/repository/config.go:35.2,36.1 1 0
github.com/bruli-lab/stowmark/internal/domain/repository/config.go:44.2,50.1 1 16
github.com/bruli-lab/stowmark/internal/domain/repository/error.go:10.2,11.1 1 0
github.com/bruli-lab/stowmark/internal/domain/repository/error.go:14.2,15.1 1 0
github.com/bruli-lab/stowmark/internal/domain/repository/folder_repository_mock.go:93.2,93.34 1 6
github.com/bruli-lab/stowmark/internal/domain/repository/folder_repository_mock.go:94.3,94.114 1 0
github.com/bruli-lab/stowmark/internal/domain/repository/folder_repository_mock.go:96.2,104.1 5 6
github.com/bruli-lab/stowmark/internal/domain/repository/folder_repository_mock.go:105.2,108.44 5 6
github.com/bruli-lab/stowmark/internal/domain/repository/folder_repository_mock.go:120.2,124.1 5 0
github.com/bruli-lab/stowmark/internal/domain/repository/folder_repository_mock.go:125.2,129.1 5 0
github.com/bruli-lab/stowmark/internal/domain/repository/folder_repository_mock.go:133.2,133.34 1 11
github.com/bruli-lab/stowmark/internal/domain/repository/folder_repository_mock.go:134.3,134.114 1 0
github.com/bruli-lab/stowmark/internal/domain/repository/folder_repository_mock.go:136.2,142.1 5 11
github.com/bruli-lab/stowmark/internal/domain/repository/folder_repository_mock.go:143.2,146.41 5 11
github.com/bruli-lab/stowmark/internal/domain/repository/folder_repository_mock.go:157.2,160.1 5 11
github.com/bruli-lab/stowmark/internal/domain/repository/folder_repository_mock.go:161.2,165.1 5 11
github.com/bruli-lab/stowmark/internal/domain/repository/folder_repository_mock.go:169.2,169.28 1 7
github.com/bruli-lab/stowmark/internal/domain/repository/folder_repository_mock.go:170.3,170.102 1 0
github.com/bruli-lab/stowmark/internal/domain/repository/folder_repository_mock.go:172.2,178.1 5 7
github.com/bruli-lab/stowmark/internal/domain/repository/folder_repository_mock.go:179.2,182.35 5 7
github.com/bruli-lab/stowmark/internal/domain/repository/folder_repository_mock.go:193.2,196.1 5 0
github.com/bruli-lab/stowmark/internal/domain/repository/folder_repository_mock.go:197.2,201.1 5 0
github.com/bruli-lab/stowmark/internal/domain/repository/folder_repository_mock.go:205.2,205.31 1 12
github.com/bruli-lab/stowmark/internal/domain/repository/folder_repository_mock.go:206.3,206.108 1 0
github.com/bruli-lab/stowmark/internal/domain/repository/folder_repository_mock.go:208.2,214.1 5 12
github.com/bruli-lab/stowmark/internal/domain/repository/folder_repository_mock.go:215.2,218.38 5 12
github.com/bruli-lab/stowmark/internal/domain/repository/folder_repository_mock.go:229.2,232.1 5 0
github.com/bruli-lab/stowmark/internal/domain/repository/folder_repository_mock.go:233.2,237.1 5 0
github.com/bruli-lab/stowmark/internal/domain/repository/format_version.go:6.2,7.1 1 0
github.com/bruli-lab/stowmark/internal/domain/repository/format_version.go:16.2,17.1 2 3
github.com/bruli-lab/stowmark/internal/domain/repository/format_version.go:18.2,18.66 2 3
github.com/bruli-lab/stowmark/internal/domain/repository/format_version.go:19.3,20.1 1 1
github.com/bruli-lab/stowmark/internal/domain/repository/format_version.go:22.2,22.16 1 3
github.com/bruli-lab/stowmark/internal/domain/repository/get_config.go:10.2,11.1 1 0
github.com/bruli-lab/stowmark/internal/domain/repository/get_config.go:14.2,15.1 1 0
github.com/bruli-lab/stowmark/internal/domain/repository/init.go:17.2,18.16 2 7
github.com/bruli-lab/stowmark/internal/domain/repository/init.go:19.3,20.1 1 1
github.com/bruli-lab/stowmark/internal/domain/repository/init.go:21.2,22.59 2 6
github.com/bruli-lab/stowmark/internal/domain/repository/init.go:23.3,24.1 1 1
github.com/bruli-lab/stowmark/internal/domain/repository/init.go:25.2,26.12 2 5
github.com/bruli-lab/stowmark/internal/domain/repository/init.go:27.3,28.17 2 4
github.com/bruli-lab/stowmark/internal/domain/repository/init.go:29.4,30.1 1 1
github.com/bruli-lab/stowmark/internal/domain/repository/init.go:31.3,31.57 1 3
github.com/bruli-lab/stowmark/internal/domain/repository/init.go:33.2,33.65 1 4
github.com/bruli-lab/stowmark/internal/domain/repository/init.go:34.3,35.1 1 1
github.com/bruli-lab/stowmark/internal/domain/repository/init.go:36.2,36.68 1 3
github.com/bruli-lab/stowmark/internal/domain/repository/init.go:37.3,38.1 1 1
github.com/bruli-lab/stowmark/internal/domain/repository/init.go:39.2,39.70 1 2
github.com/bruli-lab/stowmark/internal/domain/repository/init.go:40.3,41.1 1 1
github.com/bruli-lab/stowmark/internal/domain/repository/init.go:42.2,43.20 2 1
github.com/bruli-lab/stowmark/internal/domain/repository/init.go:47.2,48.1 1 7
github.com/bruli-lab/stowmark/internal/domain/repository/init.go:55.2,56.1 1 0
github.com/bruli-lab/stowmark/internal/domain/repository/init.go:59.2,60.1 1 0
github.com/bruli-lab/stowmark/internal/domain/repository/repository.go:25.2,26.1 1 18
github.com/bruli-lab/stowmark/internal/domain/repository/repository.go:29.2,30.1 1 5
github.com/bruli-lab/stowmark/internal/domain/repository/repository.go:33.2,34.1 1 2
github.com/bruli-lab/stowmark/internal/domain/repository/repository.go:37.2,38.1 1 3
github.com/bruli-lab/stowmark/internal/domain/repository/repository.go:41.2,41.9 1 4
github.com/bruli-lab/stowmark/internal/domain/repository/repository.go:43.3,43.34 1 1
github.com/bruli-lab/stowmark/internal/domain/repository/repository.go:45.3,45.37 1 1
github.com/bruli-lab/stowmark/internal/domain/repository/repository.go:46.10,46.10 0 2
github.com/bruli-lab/stowmark/internal/domain/repository/repository.go:48.2,48.12 1 2
github.com/bruli-lab/stowmark/internal/domain/repository/repository.go:52.2,53.37 2 4
github.com/bruli-lab/stowmark/internal/domain/repository/repository.go:54.3,55.1 1 2
github.com/bruli-lab/stowmark/internal/domain/repository/repository.go:56.2,56.16 1 2
github.com/bruli-lab/stowmark/internal/domain/repository/repository_type.go:22.2,23.29 2 10
github.com/bruli-lab/stowmark/internal/domain/repository/repository_type.go:24.3,25.1 1 1
github.com/bruli-lab/stowmark/internal/domain/repository/repository_type.go:26.2,26.18 1 9
github.com/bruli-lab/stowmark/internal/domain/repository/repository_type.go:28.3,28.18 1 1
github.com/bruli-lab/stowmark/internal/domain/repository/repository_type.go:30.3,30.18 1 1
github.com/bruli-lab/stowmark/internal/domain/repository/repository_type.go:32.3,32.17 1 1
github.com/bruli-lab/stowmark/internal/domain/repository/repository_type.go:34.3,34.21 1 4
github.com/bruli-lab/stowmark/internal/domain/repository/repository_type.go:36.3,36.18 1 1
github.com/bruli-lab/stowmark/internal/domain/repository/repository_type.go:38.3,38.20 1 1
github.com/bruli-lab/stowmark/internal/domain/repository/rewrap.go:17.2,18.16 2 8
github.com/bruli-lab/stowmark/internal/domain/repository/rewrap.go:19.3,20.1 1 1
github.com/bruli-lab/stowmark/internal/domain/repository/rewrap.go:21.2,22.16 2 7
github.com/bruli-lab/stowmark/internal/domain/repository/rewrap.go:23.3,24.1 1 1
github.com/bruli-lab/stowmark/internal/domain/repository/rewrap.go:25.2,26.16 2 6
github.com/bruli-lab/stowmark/internal/domain/repository/rewrap.go:27.3,28.1 1 1
github.com/bruli-lab/stowmark/internal/domain/repository/rewrap.go:29.2,30.16 2 5
github.com/bruli-lab/stowmark/internal/domain/repository/rewrap.go:31.3,32.1 1 1
github.com/bruli-lab/stowmark/internal/domain/repository/rewrap.go:33.2,34.16 2 4
github.com/bruli-lab/stowmark/internal/domain/repository/rewrap.go:35.3,36.1 1 1
github.com/bruli-lab/stowmark/internal/domain/repository/rewrap.go:37.2,38.16 2 3
github.com/bruli-lab/stowmark/internal/domain/repository/rewrap.go:39.3,40.1 1 1
github.com/bruli-lab/stowmark/internal/domain/repository/rewrap.go:41.2,43.67 3 2
github.com/bruli-lab/stowmark/internal/domain/repository/rewrap.go:51.2,52.1 1 8
github.com/bruli-lab/stowmark/internal/domain/repository/update_config.go:6.2,7.9 2 7
github.com/bruli-lab/stowmark/internal/domain/repository/update_config.go:9.3,10.42 2 1
github.com/bruli-lab/stowmark/internal/domain/repository/update_config.go:12.3,13.41 2 1
github.com/bruli-lab/stowmark/internal/domain/repository/update_config.go:15.3,15.41 1 1
github.com/bruli-lab/stowmark/internal/domain/repository/update_config.go:17.3,17.42 1 4
github.com/bruli-lab/stowmark/internal/domain/repository/update_config.go:19.2,19.98 1 7
github.com/bruli-lab/stowmark/internal/fixtures/repository.go:19.2,24.1 5 0
github.com/bruli-lab/stowmark/internal/fixtures/repository.go:33.2,39.1 6 0
github.com/bruli-lab/stowmark/internal/fixtures/snapshot.go:18.2,21.1 3 0
github.com/bruli-lab/stowmark/internal/fixtures/snapshot.go:31.2,37.1 6 0
github.com/bruli-lab/stowmark/internal/fixtures/snapshot.go:48.2,53.1 5 0
github.com/bruli-lab/stowmark/internal/domain/snapshot/chunk.go:15.2,16.1 1 13
github.com/bruli-lab/stowmark/internal/domain/snapshot/chunk.go:19.2,20.1 1 3
github.com/bruli-lab/stowmark/internal/domain/snapshot/chunk.go:23.2,24.1 1 3
github.com/bruli-lab/stowmark/internal/domain/snapshot/chunk.go:27.2,31.1 1 11
github.com/bruli-lab/stowmark/internal/domain/snapshot/context_reader.go:14.2,14.36 1 0
github.com/bruli-lab/stowmark/internal/domain/snapshot/context_reader.go:15.3,16.1 1 0
github.com/bruli-lab/stowmark/internal/domain/snapshot/context_reader.go:18.2,18.28 1 0
github.com/bruli-lab/stowmark/internal/domain/snapshot/create.go:30.2,31.16 2 14
github.com/bruli-lab/stowmark/internal/domain/snapshot/create.go:32.3,33.1 1 1
github.com/bruli-lab/stowmark/internal/domain/snapshot/create.go:35.2,36.16 2 13
github.com/bruli-lab/stowmark/internal/domain/snapshot/create.go:37.3,38.1 1 0
github.com/bruli-lab/stowmark/internal/domain/snapshot/create.go:40.2,41.16 2 13
github.com/bruli-lab/stowmark/internal/domain/snapshot/create.go:42.3,43.1 1 1
github.com/bruli-lab/stowmark/internal/domain/snapshot/create.go:45.2,46.1 3 12
github.com/bruli-lab/stowmark/internal/domain/snapshot/create.go:47.2,48.16 3 12
github.com/bruli-lab/stowmark/internal/domain/snapshot/create.go:49.3,50.1 1 2
github.com/bruli-lab/stowmark/internal/domain/snapshot/create.go:51.2,52.28 2 10
github.com/bruli-lab/stowmark/internal/domain/snapshot/create.go:53.3,54.1 1 1
github.com/bruli-lab/stowmark/internal/domain/snapshot/create.go:56.2,57.1 3 10
github.com/bruli-lab/stowmark/internal/domain/snapshot/create.go:58.2,59.18 3 10
github.com/bruli-lab/stowmark/internal/domain/snapshot/create.go:60.3,61.1 1 0
github.com/bruli-lab/stowmark/internal/domain/snapshot/create.go:62.2,62.26 1 10
github.com/bruli-lab/stowmark/internal/domain/snapshot/create.go:63.3,64.1 1 10
github.com/bruli-lab/stowmark/internal/domain/snapshot/create.go:65.2,65.17 1 10
github.com/bruli-lab/stowmark/internal/domain/snapshot/create.go:66.3,67.1 1 0
github.com/bruli-lab/stowmark/internal/domain/snapshot/create.go:69.2,71.1 5 10
github.com/bruli-lab/stowmark/internal/domain/snapshot/create.go:72.2,77.1 5 10
github.com/bruli-lab/stowmark/internal/domain/snapshot/create.go:78.2,79.1 5 10
github.com/bruli-lab/stowmark/internal/domain/snapshot/create.go:80.2,80.19 5 10
github.com/bruli-lab/stowmark/internal/domain/snapshot/create.go:81.3,82.26 2 10
github.com/bruli-lab/stowmark/internal/domain/snapshot/create.go:83.4,84.1 3 10
github.com/bruli-lab/stowmark/internal/domain/snapshot/create.go:85.4,86.18 3 10
github.com/bruli-lab/stowmark/internal/domain/snapshot/create.go:87.5,88.1 1 9
github.com/bruli-lab/stowmark/internal/domain/snapshot/create.go:89.4,89.18 1 10
github.com/bruli-lab/stowmark/internal/domain/snapshot/create.go:90.5,91.24 2 5
github.com/bruli-lab/stowmark/internal/domain/snapshot/create.go:92.6,94.1 2 5
github.com/bruli-lab/stowmark/internal/domain/snapshot/create.go:95.5,96.13 2 5
github.com/bruli-lab/stowmark/internal/domain/snapshot/create.go:99.4,100.30 2 5
github.com/bruli-lab/stowmark/internal/domain/snapshot/create.go:104.2,105.31 2 10
github.com/bruli-lab/stowmark/internal/domain/snapshot/create.go:106.3,107.1 1 10
github.com/bruli-lab/stowmark/internal/domain/snapshot/create.go:109.1,110.23 1 10
github.com/bruli-lab/stowmark/internal/domain/snapshot/create.go:111.3,111.10 1 10
github.com/bruli-lab/stowmark/internal/domain/snapshot/create.go:112.21,112.21 0 10
github.com/bruli-lab/stowmark/internal/domain/snapshot/create.go:114.4,114.14 1 0
github.com/bruli-lab/stowmark/internal/domain/snapshot/create.go:117.2,119.1 3 10
github.com/bruli-lab/stowmark/internal/domain/snapshot/create.go:120.2,120.21 3 10
github.com/bruli-lab/stowmark/internal/domain/snapshot/create.go:121.3,122.1 1 5
github.com/bruli-lab/stowmark/internal/domain/snapshot/create.go:124.2,125.1 2 5
github.com/bruli-lab/stowmark/internal/domain/snapshot/create.go:126.2,126.59 2 5
github.com/bruli-lab/stowmark/internal/domain/snapshot/create.go:127.3,128.1 1 1
github.com/bruli-lab/stowmark/internal/domain/snapshot/create.go:130.2,130.78 1 4
github.com/bruli-lab/stowmark/internal/domain/snapshot/create.go:134.2,134.29 1 9
github.com/bruli-lab/stowmark/internal/domain/snapshot/create.go:135.3,136.1 1 4
github.com/bruli-lab/stowmark/internal/domain/snapshot/create.go:138.2,138.38 1 5
github.com/bruli-lab/stowmark/internal/domain/snapshot/create.go:139.3,139.85 1 5
github.com/bruli-lab/stowmark/internal/domain/snapshot/create.go:140.4,141.1 1 2
github.com/bruli-lab/stowmark/internal/domain/snapshot/create.go:144.2,144.12 1 3
github.com/bruli-lab/stowmark/internal/domain/snapshot/create.go:148.2,148.9 1 12
github.com/bruli-lab/stowmark/internal/domain/snapshot/create.go:150.3,150.50 1 1
github.com/bruli-lab/stowmark/internal/domain/snapshot/create.go:152.3,153.17 2 2
github.com/bruli-lab/stowmark/internal/domain/snapshot/create.go:154.4,155.1 1 1
github.com/bruli-lab/stowmark/internal/domain/snapshot/create.go:156.3,156.25 1 1
github.com/bruli-lab/stowmark/internal/domain/snapshot/create.go:157.10,157.10 0 9
github.com/bruli-lab/stowmark/internal/domain/snapshot/create.go:159.2,159.17 1 9
github.com/bruli-lab/stowmark/internal/domain/snapshot/create.go:163.2,164.16 2 4
github.com/bruli-lab/stowmark/internal/domain/snapshot/create.go:165.3,166.1 1 1
github.com/bruli-lab/stowmark/internal/domain/snapshot/create.go:168.2,168.12 1 3
github.com/bruli-lab/stowmark/internal/domain/snapshot/create.go:169.3,170.1 1 2
github.com/bruli-lab/stowmark/internal/domain/snapshot/create.go:172.2,172.70 1 1
github.com/bruli-lab/stowmark/internal/domain/snapshot/create.go:176.2,177.16 2 5
github.com/bruli-lab/stowmark/internal/domain/snapshot/create.go:178.3,179.1 1 1
github.com/bruli-lab/stowmark/internal/domain/snapshot/create.go:181.2,181.12 1 4
github.com/bruli-lab/stowmark/internal/domain/snapshot/create.go:182.3,183.1 1 1
github.com/bruli-lab/stowmark/internal/domain/snapshot/create.go:185.2,185.122 1 3
github.com/bruli-lab/stowmark/internal/domain/snapshot/create.go:195.2,196.1 1 14
github.com/bruli-lab/stowmark/internal/domain/snapshot/create.go:206.2,214.1 1 14
github.com/bruli-lab/stowmark/internal/domain/snapshot/create_result.go:10.2,11.1 1 4
github.com/bruli-lab/stowmark/internal/domain/snapshot/create_result.go:14.2,15.1 1 4
github.com/bruli-lab/stowmark/internal/domain/snapshot/create_result.go:18.2,19.1 1 4
github.com/bruli-lab/stowmark/internal/domain/snapshot/create_result.go:22.2,23.1 1 4
github.com/bruli-lab/stowmark/internal/domain/snapshot/error.go:10.2,11.1 1 4
github.com/bruli-lab/stowmark/internal/domain/snapshot/error.go:14.2,15.1 1 0
github.com/bruli-lab/stowmark/internal/domain/snapshot/file.go:13.2,14.1 1 40
github.com/bruli-lab/stowmark/internal/domain/snapshot/file.go:17.2,18.1 1 20
github.com/bruli-lab/stowmark/internal/domain/snapshot/file.go:21.2,22.1 1 6
github.com/bruli-lab/stowmark/internal/domain/snapshot/file.go:25.2,26.1 1 11
github.com/bruli-lab/stowmark/internal/domain/snapshot/file.go:29.2,30.1 1 26
github.com/bruli-lab/stowmark/internal/domain/snapshot/file.go:33.2,34.1 1 7
github.com/bruli-lab/stowmark/internal/domain/snapshot/file.go:37.2,38.1 1 2
github.com/bruli-lab/stowmark/internal/domain/snapshot/file.go:41.2,45.1 4 28
github.com/bruli-lab/stowmark/internal/domain/snapshot/file.go:48.2,49.1 1 0
github.com/bruli-lab/stowmark/internal/domain/snapshot/get_manifest.go:10.2,11.1 1 0
github.com/bruli-lab/stowmark/internal/domain/snapshot/get_manifest.go:14.2,15.1 1 0
github.com/bruli-lab/stowmark/internal/domain/snapshot/hash_calculator_factory.go:21.2,22.9 2 20
github.com/bruli-lab/stowmark/internal/domain/snapshot/hash_calculator_factory.go:23.3,24.1 1 1
github.com/bruli-lab/stowmark/internal/domain/snapshot/hash_calculator_factory.go:25.2,25.17 1 19
github.com/bruli-lab/stowmark/internal/domain/snapshot/hash_calculator_factory.go:29.2,32.1 2 21
github.com/bruli-lab/stowmark/internal/domain/snapshot/hash_calculator_factory.go:33.2,35.1 2 21
github.com/bruli-lab/stowmark/internal/domain/snapshot/hash_calculator_factory.go:43.2,44.16 2 6
github.com/bruli-lab/stowmark/internal/domain/snapshot/hash_calculator_factory.go:45.3,46.1 1 1
github.com/bruli-lab/stowmark/internal/domain/snapshot/hash_calculator_factory.go:47.2,48.18 2 5
github.com/bruli-lab/stowmark/internal/domain/snapshot/hash_calculator_factory.go:52.2,53.1 1 21
github.com/bruli-lab/stowmark/internal/domain/snapshot/hash_calculator_factory.go:60.2,62.9 3 10
github.com/bruli-lab/stowmark/internal/domain/snapshot/hash_calculator_factory.go:64.3,65.17 2 2
github.com/bruli-lab/stowmark/internal/domain/snapshot/hash_calculator_factory.go:66.4,67.1 1 1
github.com/bruli-lab/stowmark/internal/domain/snapshot/hash_calculator_factory.go:68.3,68.17 1 1
github.com/bruli-lab/stowmark/internal/domain/snapshot/hash_calculator_factory.go:70.3,71.17 2 8
github.com/bruli-lab/stowmark/internal/domain/snapshot/hash_calculator_factory.go:72.4,73.1 1 2
github.com/bruli-lab/stowmark/internal/domain/snapshot/hash_calculator_factory.go:74.3,75.21 2 6
github.com/bruli-lab/stowmark/internal/domain/snapshot/hash_calculator_factory.go:77.2,78.18 2 7
github.com/bruli-lab/stowmark/internal/domain/snapshot/hash_calculator_factory.go:82.2,83.1 1 21
github.com/bruli-lab/stowmark/internal/domain/snapshot/id.go:10.2,12.1 3 5
github.com/bruli-lab/stowmark/internal/domain/snapshot/id.go:13.2,14.1 3 5
github.com/bruli-lab/stowmark/internal/domain/snapshot/listing.go:10.2,11.16 2 0
github.com/bruli-lab/stowmark/internal/domain/snapshot/listing.go:12.3,13.1 1 0
github.com/bruli-lab/stowmark/internal/domain/snapshot/listing.go:14.2,15.32 2 0
github.com/bruli-lab/stowmark/internal/domain/snapshot/listing.go:16.3,20.33 2 0
github.com/bruli-lab/stowmark/internal/domain/snapshot/listing.go:21.4,23.1 2 0
github.com/bruli-lab/stowmark/internal/domain/snapshot/listing.go:24.3,24.87 1 0
github.com/bruli-lab/stowmark/internal/domain/snapshot/listing.go:26.2,26.20 1 0
github.com/bruli-lab/stowmark/internal/domain/snapshot/listing.go:30.2,31.1 1 0
github.com/bruli-lab/stowmark/internal/domain/snapshot/manifest.go:18.2,19.1 1 0
github.com/bruli-lab/stowmark/internal/domain/snapshot/manifest.go:22.2,23.1 1 4
github.com/bruli-lab/stowmark/internal/domain/snapshot/manifest.go:26.2,27.1 1 16
github.com/bruli-lab/stowmark/internal/domain/snapshot/manifest.go:30.2,31.1 1 0
github.com/bruli-lab/stowmark/internal/domain/snapshot/manifest.go:34.2,35.1 1 2
github.com/bruli-lab/stowmark/internal/domain/snapshot/manifest.go:38.2,39.1 1 15
github.com/bruli-lab/stowmark/internal/domain/snapshot/manifest_resume.go:14.2,15.1 1 0
github.com/bruli-lab/stowmark/internal/domain/snapshot/manifest_resume.go:18.2,19.1 1 0
github.com/bruli-lab/stowmark/internal/domain/snapshot/manifest_resume.go:22.2,23.1 1 0
github.com/bruli-lab/stowmark/internal/domain/snapshot/manifest_resume.go:26.2,27.1 1 0
github.com/bruli-lab/stowmark/internal/domain/snapshot/manifest_resume.go:30.2,31.1 1 0
github.com/bruli-lab/stowmark/internal/domain/snapshot/manifest_resume.go:34.2,35.1 1 0
github.com/bruli-lab/stowmark/internal/domain/snapshot/rekey.go:25.2,26.16 2 15
github.com/bruli-lab/stowmark/internal/domain/snapshot/rekey.go:27.3,28.1 1 1
github.com/bruli-lab/stowmark/internal/domain/snapshot/rekey.go:30.2,31.27 2 14
github.com/bruli-lab/stowmark/internal/domain/snapshot/rekey.go:32.3,33.1 1 1
github.com/bruli-lab/stowmark/internal/domain/snapshot/rekey.go:35.2,37.1 4 13
github.com/bruli-lab/stowmark/internal/domain/snapshot/rekey.go:38.2,39.16 4 13
github.com/bruli-lab/stowmark/internal/domain/snapshot/rekey.go:40.3,41.1 1 1
github.com/bruli-lab/stowmark/internal/domain/snapshot/rekey.go:43.2,48.16 2 12
github.com/bruli-lab/stowmark/internal/domain/snapshot/rekey.go:49.3,50.1 1 1
github.com/bruli-lab/stowmark/internal/domain/snapshot/rekey.go:52.2,53.16 2 11
github.com/bruli-lab/stowmark/internal/domain/snapshot/rekey.go:54.3,55.1 1 1
github.com/bruli-lab/stowmark/internal/domain/snapshot/rekey.go:57.2,58.16 2 10
github.com/bruli-lab/stowmark/internal/domain/snapshot/rekey.go:59.3,60.1 1 1
github.com/bruli-lab/stowmark/internal/domain/snapshot/rekey.go:62.2,63.16 2 9
github.com/bruli-lab/stowmark/internal/domain/snapshot/rekey.go:64.3,65.1 1 1
github.com/bruli-lab/stowmark/internal/domain/snapshot/rekey.go:67.2,68.16 2 8
github.com/bruli-lab/stowmark/internal/domain/snapshot/rekey.go:69.3,70.1 1 1
github.com/bruli-lab/stowmark/internal/domain/snapshot/rekey.go:72.2,73.16 2 7
github.com/bruli-lab/stowmark/internal/domain/snapshot/rekey.go:74.3,75.1 1 1
github.com/bruli-lab/stowmark/internal/domain/snapshot/rekey.go:77.2,78.1 2 6
github.com/bruli-lab/stowmark/internal/domain/snapshot/rekey.go:79.2,79.15 2 6
github.com/bruli-lab/stowmark/internal/domain/snapshot/rekey.go:80.3,80.16 1 6
github.com/bruli-lab/stowmark/internal/domain/snapshot/rekey.go:81.4,82.1 1 2
github.com/bruli-lab/stowmark/internal/domain/snapshot/rekey.go:84.3,86.1 4 4
github.com/bruli-lab/stowmark/internal/domain/snapshot/rekey.go:87.3,88.24 4 4
github.com/bruli-lab/stowmark/internal/domain/snapshot/rekey.go:89.4,90.1 1 1
github.com/bruli-lab/stowmark/internal/domain/snapshot/rekey.go:93.2,93.120 1 6
github.com/bruli-lab/stowmark/internal/domain/snapshot/rekey.go:94.3,95.1 1 2
github.com/bruli-lab/stowmark/internal/domain/snapshot/rekey.go:97.2,100.1 4 4
github.com/bruli-lab/stowmark/internal/domain/snapshot/rekey.go:101.2,101.77 4 4
github.com/bruli-lab/stowmark/internal/domain/snapshot/rekey.go:102.3,103.1 1 2
github.com/bruli-lab/stowmark/internal/domain/snapshot/rekey.go:105.2,106.1 2 2
github.com/bruli-lab/stowmark/internal/domain/snapshot/rekey.go:107.2,107.87 2 2
github.com/bruli-lab/stowmark/internal/domain/snapshot/rekey.go:108.3,109.1 1 1
github.com/bruli-lab/stowmark/internal/domain/snapshot/rekey.go:111.2,111.12 1 1
github.com/bruli-lab/stowmark/internal/domain/snapshot/rekey.go:115.2,115.22 1 6
github.com/bruli-lab/stowmark/internal/domain/snapshot/rekey.go:116.3,117.1 1 0
github.com/bruli-lab/stowmark/internal/domain/snapshot/rekey.go:119.2,122.1 4 6
github.com/bruli-lab/stowmark/internal/domain/snapshot/rekey.go:123.2,123.24 4 6
github.com/bruli-lab/stowmark/internal/domain/snapshot/rekey.go:124.3,125.1 2 6
github.com/bruli-lab/stowmark/internal/domain/snapshot/rekey.go:126.3,126.31 2 6
github.com/bruli-lab/stowmark/internal/domain/snapshot/rekey.go:127.4,127.11 1 12
github.com/bruli-lab/stowmark/internal/domain/snapshot/rekey.go:128.22,128.22 0 12
github.com/bruli-lab/stowmark/internal/domain/snapshot/rekey.go:130.5,130.15 1 0
github.com/bruli-lab/stowmark/internal/domain/snapshot/rekey.go:134.3,134.13 1 6
github.com/bruli-lab/stowmark/internal/domain/snapshot/rekey.go:137.2,137.20 1 6
github.com/bruli-lab/stowmark/internal/domain/snapshot/rekey.go:138.3,138.25 1 12
github.com/bruli-lab/stowmark/internal/domain/snapshot/rekey.go:139.4,139.8 1 12
github.com/bruli-lab/stowmark/internal/domain/snapshot/rekey.go:140.5,140.12 1 20
github.com/bruli-lab/stowmark/internal/domain/snapshot/rekey.go:142.6,142.16 1 0
github.com/bruli-lab/stowmark/internal/domain/snapshot/rekey.go:145.6,145.13 1 20
github.com/bruli-lab/stowmark/internal/domain/snapshot/rekey.go:146.7,147.1 1 8
github.com/bruli-lab/stowmark/internal/domain/snapshot/rekey.go:149.6,156.20 1 12
github.com/bruli-lab/stowmark/internal/domain/snapshot/rekey.go:157.7,158.1 1 4
github.com/bruli-lab/stowmark/internal/domain/snapshot/rekey.go:164.2,164.21 1 6
github.com/bruli-lab/stowmark/internal/domain/snapshot/rekey.go:173.2,179.16 2 12
github.com/bruli-lab/stowmark/internal/domain/snapshot/rekey.go:180.3,181.1 1 2
github.com/bruli-lab/stowmark/internal/domain/snapshot/rekey.go:183.2,190.1 3 10
github.com/bruli-lab/stowmark/internal/domain/snapshot/rekey.go:191.2,192.1 3 10
github.com/bruli-lab/stowmark/internal/domain/snapshot/rekey.go:193.2,193.39 3 10
github.com/bruli-lab/stowmark/internal/domain/snapshot/rekey.go:202.2,207.1 1 15
github.com/bruli-lab/stowmark/internal/domain/snapshot/repositories_mock.go:85.2,85.37 1 2
github.com/bruli-lab/stowmark/internal/domain/snapshot/repositories_mock.go:86.3,86.120 1 0
github.com/bruli-lab/stowmark/internal/domain/snapshot/repositories_mock.go:88.2,98.1 5 2
github.com/bruli-lab/stowmark/internal/domain/snapshot/repositories_mock.go:99.2,102.60 5 2
github.com/bruli-lab/stowmark/internal/domain/snapshot/repositories_mock.go:115.2,120.1 5 0
github.com/bruli-lab/stowmark/internal/domain/snapshot/repositories_mock.go:121.2,125.1 5 0
github.com/bruli-lab/stowmark/internal/domain/snapshot/repositories_mock.go:129.2,129.35 1 14
github.com/bruli-lab/stowmark/internal/domain/snapshot/repositories_mock.go:130.3,130.116 1 0
github.com/bruli-lab/stowmark/internal/domain/snapshot/repositories_mock.go:132.2,140.1 5 14
github.com/bruli-lab/stowmark/internal/domain/snapshot/repositories_mock.go:141.2,144.52 5 14
github.com/bruli-lab/stowmark/internal/domain/snapshot/repositories_mock.go:156.2,160.1 5 0
github.com/bruli-lab/stowmark/internal/domain/snapshot/repositories_mock.go:161.2,165.1 5 0
github.com/bruli-lab/stowmark/internal/domain/snapshot/repositories_mock.go:169.2,169.29 1 13
github.com/bruli-lab/stowmark/internal/domain/snapshot/repositories_mock.go:170.3,170.104 1 0
github.com/bruli-lab/stowmark/internal/domain/snapshot/repositories_mock.go:172.2,178.1 5 13
github.com/bruli-lab/stowmark/internal/domain/snapshot/repositories_mock.go:179.2,182.42 5 13
github.com/bruli-lab/stowmark/internal/domain/snapshot/repositories_mock.go:193.2,196.1 5 0
github.com/bruli-lab/stowmark/internal/domain/snapshot/repositories_mock.go:197.2,201.1 5 0
github.com/bruli-lab/stowmark/internal/domain/snapshot/repositories_mock.go:267.2,267.25 1 15
github.com/bruli-lab/stowmark/internal/domain/snapshot/repositories_mock.go:268.3,268.100 1 0
github.com/bruli-lab/stowmark/internal/domain/snapshot/repositories_mock.go:270.2,276.1 5 15
github.com/bruli-lab/stowmark/internal/domain/snapshot/repositories_mock.go:277.2,280.38 5 15
github.com/bruli-lab/stowmark/internal/domain/snapshot/repositories_mock.go:291.2,294.1 5 0
github.com/bruli-lab/stowmark/internal/domain/snapshot/repositories_mock.go:295.2,299.1 5 0
github.com/bruli-lab/stowmark/internal/domain/snapshot/repositories_mock.go:303.2,303.26 1 0
github.com/bruli-lab/stowmark/internal/domain/snapshot/repositories_mock.go:304.3,304.102 1 0
github.com/bruli-lab/stowmark/internal/domain/snapshot/repositories_mock.go:306.2,310.1 5 0
github.com/bruli-lab/stowmark/internal/domain/snapshot/repositories_mock.go:311.2,314.27 5 0
github.com/bruli-lab/stowmark/internal/domain/snapshot/repositories_mock.go:324.2,326.1 5 0
github.com/bruli-lab/stowmark/internal/domain/snapshot/repositories_mock.go:327.2,331.1 5 0
github.com/bruli-lab/stowmark/internal/domain/snapshot/repositories_mock.go:335.2,335.26 1 5
github.com/bruli-lab/stowmark/internal/domain/snapshot/repositories_mock.go:336.3,336.102 1 0
github.com/bruli-lab/stowmark/internal/domain/snapshot/repositories_mock.go:338.2,344.1 5 5
github.com/bruli-lab/stowmark/internal/domain/snapshot/repositories_mock.go:345.2,348.30 5 5
github.com/bruli-lab/stowmark/internal/domain/snapshot/repositories_mock.go:359.2,362.1 5 0
github.com/bruli-lab/stowmark/internal/domain/snapshot/repositories_mock.go:363.2,367.1 5 0
github.com/bruli-lab/stowmark/internal/domain/snapshot/repositories_mock.go:577.2,577.32 1 4
github.com/bruli-lab/stowmark/internal/domain/snapshot/repositories_mock.go:578.3,578.110 1 0
github.com/bruli-lab/stowmark/internal/domain/snapshot/repositories_mock.go:580.2,586.1 5 4
github.com/bruli-lab/stowmark/internal/domain/snapshot/repositories_mock.go:587.2,590.45 5 4
github.com/bruli-lab/stowmark/internal/domain/snapshot/repositories_mock.go:601.2,604.1 5 15
github.com/bruli-lab/stowmark/internal/domain/snapshot/repositories_mock.go:605.2,609.1 5 15
github.com/bruli-lab/stowmark/internal/domain/snapshot/repositories_mock.go:613.2,613.35 1 9
github.com/bruli-lab/stowmark/internal/domain/snapshot/repositories_mock.go:614.3,614.116 1 0
github.com/bruli-lab/stowmark/internal/domain/snapshot/repositories_mock.go:616.2,626.1 5 9
github.com/bruli-lab/stowmark/internal/domain/snapshot/repositories_mock.go:627.2,630.68 5 9
github.com/bruli-lab/stowmark/internal/domain/snapshot/repositories_mock.go:643.2,648.1 5 0
github.com/bruli-lab/stowmark/internal/domain/snapshot/repositories_mock.go:649.2,653.1 5 0
github.com/bruli-lab/stowmark/internal/domain/snapshot/repositories_mock.go:657.2,657.47 1 2
github.com/bruli-lab/stowmark/internal/domain/snapshot/repositories_mock.go:658.3,658.140 1 0
github.com/bruli-lab/stowmark/internal/domain/snapshot/repositories_mock.go:660.2,666.1 5 2
github.com/bruli-lab/stowmark/internal/domain/snapshot/repositories_mock.go:667.2,670.60 5 2
github.com/bruli-lab/stowmark/internal/domain/snapshot/repositories_mock.go:681.2,684.1 5 0
github.com/bruli-lab/stowmark/internal/domain/snapshot/repositories_mock.go:685.2,689.1 5 0
github.com/bruli-lab/stowmark/internal/domain/snapshot/repositories_mock.go:693.2,693.42 1 7
github.com/bruli-lab/stowmark/internal/domain/snapshot/repositories_mock.go:694.3,694.130 1 0
github.com/bruli-lab/stowmark/internal/domain/snapshot/repositories_mock.go:696.2,702.1 5 7
github.com/bruli-lab/stowmark/internal/domain/snapshot/repositories_mock.go:703.2,706.55 5 7
github.com/bruli-lab/stowmark/internal/domain/snapshot/repositories_mock.go:717.2,720.1 5 0
github.com/bruli-lab/stowmark/internal/domain/snapshot/repositories_mock.go:721.2,725.1 5 0
github.com/bruli-lab/stowmark/internal/domain/snapshot/repositories_mock.go:729.2,729.41 1 12
github.com/bruli-lab/stowmark/internal/domain/snapshot/repositories_mock.go:730.3,730.128 1 0
github.com/bruli-lab/stowmark/internal/domain/snapshot/repositories_mock.go:732.2,742.1 5 12
github.com/bruli-lab/stowmark/internal/domain/snapshot/repositories_mock.go:743.2,746.65 5 12
github.com/bruli-lab/stowmark/internal/domain/snapshot/repositories_mock.go:759.2,764.1 5 0
github.com/bruli-lab/stowmark/internal/domain/snapshot/repositories_mock.go:765.2,769.1 5 0
github.com/bruli-lab/stowmark/internal/domain/snapshot/repositories_mock.go:773.2,773.32 1 6
github.com/bruli-lab/stowmark/internal/domain/snapshot/repositories_mock.go:774.3,774.110 1 0
github.com/bruli-lab/stowmark/internal/domain/snapshot/repositories_mock.go:776.2,786.1 5 6
github.com/bruli-lab/stowmark/internal/domain/snapshot/repositories_mock.go:787.2,790.65 5 6
github.com/bruli-lab/stowmark/internal/domain/snapshot/repositories_mock.go:803.2,808.1 5 0
github.com/bruli-lab/stowmark/internal/domain/snapshot/repositories_mock.go:809.2,813.1 5 0
github.com/bruli-lab/stowmark/internal/domain/snapshot/repositories_mock.go:817.2,817.35 1 4
github.com/bruli-lab/stowmark/internal/domain/snapshot/repositories_mock.go:818.3,818.116 1 0
github.com/bruli-lab/stowmark/internal/domain/snapshot/repositories_mock.go:820.2,832.1 5 4
github.com/bruli-lab/stowmark/internal/domain/snapshot/repositories_mock.go:833.2,836.73 5 4
github.com/bruli-lab/stowmark/internal/domain/snapshot/repositories_mock.go:850.2,856.1 5 0
github.com/bruli-lab/stowmark/internal/domain/snapshot/repositories_mock.go:857.2,861.1 5 0
github.com/bruli-lab/stowmark/internal/domain/snapshot/repositories_mock.go:865.2,865.26 1 1
github.com/bruli-lab/stowmark/internal/domain/snapshot/repositories_mock.go:866.3,866.98 1 0
github.com/bruli-lab/stowmark/internal/domain/snapshot/repositories_mock.go:868.2,882.1 5 1
github.com/bruli-lab/stowmark/internal/domain/snapshot/repositories_mock.go:883.2,886.75 5 1
github.com/bruli-lab/stowmark/internal/domain/snapshot/repositories_mock.go:901.2,908.1 5 0
github.com/bruli-lab/stowmark/internal/domain/snapshot/repositories_mock.go:909.2,913.1 5 0
github.com/bruli-lab/stowmark/internal/domain/snapshot/repositories_mock.go:917.2,917.31 1 3
github.com/bruli-lab/stowmark/internal/domain/snapshot/repositories_mock.go:918.3,918.108 1 0
github.com/bruli-lab/stowmark/internal/domain/snapshot/repositories_mock.go:920.2,938.1 5 3
github.com/bruli-lab/stowmark/internal/domain/snapshot/repositories_mock.go:939.2,942.85 5 3
github.com/bruli-lab/stowmark/internal/domain/snapshot/repositories_mock.go:959.2,968.1 5 0
github.com/bruli-lab/stowmark/internal/domain/snapshot/repositories_mock.go:969.2,973.1 5 0
github.com/bruli-lab/stowmark/internal/domain/snapshot/repositories_mock.go:977.2,977.39 1 10
github.com/bruli-lab/stowmark/internal/domain/snapshot/repositories_mock.go:978.3,978.124 1 0
github.com/bruli-lab/stowmark/internal/domain/snapshot/repositories_mock.go:980.2,992.1 5 10
github.com/bruli-lab/stowmark/internal/domain/snapshot/repositories_mock.go:993.2,996.71 5 10
github.com/bruli-lab/stowmark/internal/domain/snapshot/repositories_mock.go:1010.2,1016.1 5 0
github.com/bruli-lab/stowmark/internal/domain/snapshot/repositories_mock.go:1017.2,1021.1 5 0
github.com/bruli-lab/stowmark/internal/domain/snapshot/restore.go:21.2,22.16 2 3
github.com/bruli-lab/stowmark/internal/domain/snapshot/restore.go:23.3,24.1 1 0
github.com/bruli-lab/stowmark/internal/domain/snapshot/restore.go:25.2,29.17 2 3
github.com/bruli-lab/stowmark/internal/domain/snapshot/restore.go:30.3,32.1 2 0
github.com/bruli-lab/stowmark/internal/domain/snapshot/restore.go:34.2,35.16 2 3
github.com/bruli-lab/stowmark/internal/domain/snapshot/restore.go:36.3,37.1 1 1
github.com/bruli-lab/stowmark/internal/domain/snapshot/restore.go:38.2,39.32 2 2
github.com/bruli-lab/stowmark/internal/domain/snapshot/restore.go:40.3,40.29 1 2
github.com/bruli-lab/stowmark/internal/domain/snapshot/restore.go:41.4,42.1 1 1
github.com/bruli-lab/stowmark/internal/domain/snapshot/restore.go:43.3,43.104 1 2
github.com/bruli-lab/stowmark/internal/domain/snapshot/restore.go:44.4,45.12 2 1
github.com/bruli-lab/stowmark/internal/domain/snapshot/restore.go:47.3,47.22 1 1
github.com/bruli-lab/stowmark/internal/domain/snapshot/restore.go:49.2,49.20 1 2
github.com/bruli-lab/stowmark/internal/domain/snapshot/restore.go:58.2,62.1 1 3
github.com/bruli-lab/stowmark/internal/domain/snapshot/restore_file.go:22.2,23.16 2 4
github.com/bruli-lab/stowmark/internal/domain/snapshot/restore_file.go:24.3,25.1 1 0
github.com/bruli-lab/stowmark/internal/domain/snapshot/restore_file.go:26.2,30.17 2 4
github.com/bruli-lab/stowmark/internal/domain/snapshot/restore_file.go:31.3,33.1 2 0
github.com/bruli-lab/stowmark/internal/domain/snapshot/restore_file.go:34.2,35.16 2 4
github.com/bruli-lab/stowmark/internal/domain/snapshot/restore_file.go:36.3,37.1 1 1
github.com/bruli-lab/stowmark/internal/domain/snapshot/restore_file.go:38.2,39.16 2 3
github.com/bruli-lab/stowmark/internal/domain/snapshot/restore_file.go:40.3,41.1 1 1
github.com/bruli-lab/stowmark/internal/domain/snapshot/restore_file.go:42.2,42.28 1 2
github.com/bruli-lab/stowmark/internal/domain/snapshot/restore_file.go:43.3,44.1 1 1
github.com/bruli-lab/stowmark/internal/domain/snapshot/restore_file.go:45.2,45.105 1 2
github.com/bruli-lab/stowmark/internal/domain/snapshot/restore_file.go:46.3,47.1 1 1
github.com/bruli-lab/stowmark/internal/domain/snapshot/restore_file.go:48.2,48.12 1 1
github.com/bruli-lab/stowmark/internal/domain/snapshot/restore_file.go:52.2,52.32 1 3
github.com/bruli-lab/stowmark/internal/domain/snapshot/restore_file.go:53.3,53.27 1 9
github.com/bruli-lab/stowmark/internal/domain/snapshot/restore_file.go:54.4,55.1 1 2
github.com/bruli-lab/stowmark/internal/domain/snapshot/restore_file.go:57.2,57.69 1 1
github.com/bruli-lab/stowmark/internal/domain/snapshot/restore_file.go:66.2,70.1 1 4
github.com/bruli-lab/stowmark/internal/domain/snapshot/restore_file.go:78.2,79.1 1 0
github.com/bruli-lab/stowmark/internal/domain/snapshot/restore_file.go:82.2,83.1 1 1
github.com/bruli-lab/stowmark/internal/domain/snapshot/result.go:8.2,9.1 1 0
github.com/bruli-lab/stowmark/internal/domain/snapshot/result.go:12.2,13.1 1 0
github.com/bruli-lab/stowmark/internal/domain/snapshot/result.go:16.2,17.1 1 6
github.com/bruli-lab/stowmark/internal/domain/snapshot/result.go:26.2,27.1 1 7
github.com/bruli-lab/stowmark/internal/domain/snapshot/result.go:30.2,31.1 1 0
github.com/bruli-lab/stowmark/internal/domain/snapshot/result.go:34.2,35.1 1 7
github.com/bruli-lab/stowmark/internal/domain/snapshot/result.go:38.2,40.1 2 6
github.com/bruli-lab/stowmark/internal/domain/snapshot/result.go:43.2,44.1 1 1
github.com/bruli-lab/stowmark/internal/domain/snapshot/result.go:47.2,48.1 1 7
github.com/bruli-lab/stowmark/internal/domain/snapshot/result.go:51.2,52.1 1 9
github.com/bruli-lab/stowmark/internal/domain/snapshot/source.go:9.2,10.1 1 5
github.com/bruli-lab/stowmark/internal/domain/snapshot/source.go:13.2,14.1 1 12
github.com/bruli-lab/stowmark/internal/domain/snapshot/source.go:17.2,18.1 1 12
github.com/bruli-lab/stowmark/internal/domain/snapshot/symmetric_key.go:21.2,21.27 1 18
github.com/bruli-lab/stowmark/internal/domain/snapshot/symmetric_key.go:22.3,23.17 2 6
github.com/bruli-lab/stowmark/internal/domain/snapshot/symmetric_key.go:24.4,25.1 1 1
github.com/bruli-lab/stowmark/internal/domain/snapshot/symmetric_key.go:26.3,26.31 1 5
github.com/bruli-lab/stowmark/internal/domain/snapshot/symmetric_key.go:27.4,28.1 1 1
github.com/bruli-lab/stowmark/internal/domain/snapshot/symmetric_key.go:29.3,30.17 2 4
github.com/bruli-lab/stowmark/internal/domain/snapshot/symmetric_key.go:31.4,32.1 1 1
github.com/bruli-lab/stowmark/internal/domain/snapshot/symmetric_key.go:33.3,36.9 1 3
github.com/bruli-lab/stowmark/internal/domain/snapshot/symmetric_key.go:38.2,38.17 1 12
github.com/bruli-lab/stowmark/internal/domain/snapshot/symmetric_key.go:42.2,43.1 1 18
github.com/bruli-lab/stowmark/internal/domain/snapshot/verifier.go:27.2,28.16 2 11
github.com/bruli-lab/stowmark/internal/domain/snapshot/verifier.go:29.3,30.1 1 3
github.com/bruli-lab/stowmark/internal/domain/snapshot/verifier.go:31.2,35.17 2 8
github.com/bruli-lab/stowmark/internal/domain/snapshot/verifier.go:36.3,38.1 2 3
github.com/bruli-lab/stowmark/internal/domain/snapshot/verifier.go:40.2,41.16 2 8
github.com/bruli-lab/stowmark/internal/domain/snapshot/verifier.go:42.3,43.1 1 1
github.com/bruli-lab/stowmark/internal/domain/snapshot/verifier.go:44.2,45.1 4 7
github.com/bruli-lab/stowmark/internal/domain/snapshot/verifier.go:46.2,47.1 4 7
github.com/bruli-lab/stowmark/internal/domain/snapshot/verifier.go:48.2,49.18 4 7
github.com/bruli-lab/stowmark/internal/domain/snapshot/verifier.go:50.3,51.1 1 0
github.com/bruli-lab/stowmark/internal/domain/snapshot/verifier.go:52.2,52.26 1 7
github.com/bruli-lab/stowmark/internal/domain/snapshot/verifier.go:53.3,54.1 1 7
github.com/bruli-lab/stowmark/internal/domain/snapshot/verifier.go:55.2,55.17 1 7
github.com/bruli-lab/stowmark/internal/domain/snapshot/verifier.go:56.3,57.1 1 0
github.com/bruli-lab/stowmark/internal/domain/snapshot/verifier.go:59.2,64.1 5 7
github.com/bruli-lab/stowmark/internal/domain/snapshot/verifier.go:65.2,67.1 5 7
github.com/bruli-lab/stowmark/internal/domain/snapshot/verifier.go:68.2,69.1 5 7
github.com/bruli-lab/stowmark/internal/domain/snapshot/verifier.go:70.2,70.19 5 7
github.com/bruli-lab/stowmark/internal/domain/snapshot/verifier.go:71.3,72.26 2 7
github.com/bruli-lab/stowmark/internal/domain/snapshot/verifier.go:73.4,74.1 3 7
github.com/bruli-lab/stowmark/internal/domain/snapshot/verifier.go:75.4,76.11 3 7
github.com/bruli-lab/stowmark/internal/domain/snapshot/verifier.go:78.5,78.24 1 2
github.com/bruli-lab/stowmark/internal/domain/snapshot/verifier.go:79.6,81.1 2 2
github.com/bruli-lab/stowmark/internal/domain/snapshot/verifier.go:83.5,83.60 1 5
github.com/bruli-lab/stowmark/internal/domain/snapshot/verifier.go:85.5,85.24 1 0
github.com/bruli-lab/stowmark/internal/domain/snapshot/verifier.go:87.4,87.15 1 7
github.com/bruli-lab/stowmark/internal/domain/snapshot/verifier.go:91.2,92.31 2 7
github.com/bruli-lab/stowmark/internal/domain/snapshot/verifier.go:93.3,94.1 1 7
github.com/bruli-lab/stowmark/internal/domain/snapshot/verifier.go:96.2,96.29 1 7
github.com/bruli-lab/stowmark/internal/domain/snapshot/verifier.go:97.3,97.10 1 7
github.com/bruli-lab/stowmark/internal/domain/snapshot/verifier.go:98.21,98.21 0 7
github.com/bruli-lab/stowmark/internal/domain/snapshot/verifier.go:100.4,100.16 1 0
github.com/bruli-lab/stowmark/internal/domain/snapshot/verifier.go:104.2,106.1 3 7
github.com/bruli-lab/stowmark/internal/domain/snapshot/verifier.go:107.2,107.21 3 7
github.com/bruli-lab/stowmark/internal/domain/snapshot/verifier.go:108.3,109.1 1 2
github.com/bruli-lab/stowmark/internal/domain/snapshot/verifier.go:111.2,111.20 1 5
github.com/bruli-lab/stowmark/internal/domain/snapshot/verifier.go:115.2,115.29 1 7
github.com/bruli-lab/stowmark/internal/domain/snapshot/verifier.go:116.3,122.1 1 2
github.com/bruli-lab/stowmark/internal/domain/snapshot/verifier.go:123.2,124.35 2 5
github.com/bruli-lab/stowmark/internal/domain/snapshot/verifier.go:125.3,126.17 2 5
github.com/bruli-lab/stowmark/internal/domain/snapshot/verifier.go:127.4,128.1 1 1
github.com/bruli-lab/stowmark/internal/domain/snapshot/verifier.go:129.3,129.19 1 4
github.com/bruli-lab/stowmark/internal/domain/snapshot/verifier.go:130.4,131.1 1 4
github.com/bruli-lab/stowmark/internal/domain/snapshot/verifier.go:134.2,134.16 1 0
github.com/bruli-lab/stowmark/internal/domain/snapshot/verifier.go:138.2,138.24 1 7
github.com/bruli-lab/stowmark/internal/domain/snapshot/verifier.go:139.3,140.1 1 1
github.com/bruli-lab/stowmark/internal/domain/snapshot/verifier.go:141.2,142.16 2 6
github.com/bruli-lab/stowmark/internal/domain/snapshot/verifier.go:143.3,143.39 1 6
github.com/bruli-lab/stowmark/internal/domain/snapshot/verifier.go:144.4,145.1 1 4
github.com/bruli-lab/stowmark/internal/domain/snapshot/verifier.go:146.3,146.17 1 2
github.com/bruli-lab/stowmark/internal/domain/snapshot/verifier.go:149.2,150.1 4 0
github.com/bruli-lab/stowmark/internal/domain/snapshot/verifier.go:151.2,155.1 4 0
github.com/bruli-lab/stowmark/internal/domain/snapshot/verifier.go:156.2,157.1 4 0
github.com/bruli-lab/stowmark/internal/domain/snapshot/verifier.go:158.2,158.20 4 0
github.com/bruli-lab/stowmark/internal/domain/snapshot/verifier.go:159.3,160.1 1 0
github.com/bruli-lab/stowmark/internal/domain/snapshot/verifier.go:162.2,162.21 1 0
github.com/bruli-lab/stowmark/internal/domain/snapshot/verifier.go:163.3,164.1 1 0
github.com/bruli-lab/stowmark/internal/domain/snapshot/verifier.go:166.2,169.1 2 0
github.com/bruli-lab/stowmark/internal/domain/snapshot/verifier.go:170.2,170.36 2 0
github.com/bruli-lab/stowmark/internal/domain/snapshot/verifier.go:171.3,172.1 1 0
github.com/bruli-lab/stowmark/internal/domain/snapshot/verifier.go:174.2,174.16 1 0
github.com/bruli-lab/stowmark/internal/domain/snapshot/verifier.go:183.2,188.1 1 11
github.com/bruli-lab/stowmark/internal/infra/cli/create.go:19.2,24.1 3 0
github.com/bruli-lab/stowmark/internal/infra/cli/create.go:25.2,29.55 3 0
github.com/bruli-lab/stowmark/internal/infra/cli/create.go:30.4,31.1 2 0
github.com/bruli-lab/stowmark/internal/infra/cli/create.go:32.4,32.28 2 0
github.com/bruli-lab/stowmark/internal/infra/cli/create.go:33.5,34.1 1 0
github.com/bruli-lab/stowmark/internal/infra/cli/create.go:36.4,37.18 2 0
github.com/bruli-lab/stowmark/internal/infra/cli/create.go:38.5,39.1 1 0
github.com/bruli-lab/stowmark/internal/infra/cli/create.go:40.4,40.17 1 0
github.com/bruli-lab/stowmark/internal/infra/cli/create.go:41.5,42.1 1 0
github.com/bruli-lab/stowmark/internal/infra/cli/create.go:44.4,45.18 2 0
github.com/bruli-lab/stowmark/internal/infra/cli/create.go:46.5,47.1 1 0
github.com/bruli-lab/stowmark/internal/infra/cli/create.go:48.4,49.18 2 0
github.com/bruli-lab/stowmark/internal/infra/cli/create.go:50.5,51.1 1 0
github.com/bruli-lab/stowmark/internal/infra/cli/create.go:52.4,55.18 4 0
github.com/bruli-lab/stowmark/internal/infra/cli/create.go:56.5,57.1 1 0
github.com/bruli-lab/stowmark/internal/infra/cli/create.go:58.4,58.17 1 0
github.com/bruli-lab/stowmark/internal/infra/cli/create.go:59.5,60.1 1 0
github.com/bruli-lab/stowmark/internal/infra/cli/create.go:61.4,62.18 2 0
github.com/bruli-lab/stowmark/internal/infra/cli/create.go:63.5,64.1 1 0
github.com/bruli-lab/stowmark/internal/infra/cli/create.go:65.4,67.1 4 0
github.com/bruli-lab/stowmark/internal/infra/cli/create.go:68.4,69.28 4 0
github.com/bruli-lab/stowmark/internal/infra/cli/create.go:70.5,71.1 1 0
github.com/bruli-lab/stowmark/internal/infra/cli/create.go:73.4,78.18 2 0
github.com/bruli-lab/stowmark/internal/infra/cli/create.go:79.5,80.1 1 0
github.com/bruli-lab/stowmark/internal/infra/cli/create.go:82.4,82.24 1 0
github.com/bruli-lab/stowmark/internal/infra/cli/create.go:83.5,84.1 1 0
github.com/bruli-lab/stowmark/internal/infra/cli/create.go:85.4,86.11 2 0
github.com/bruli-lab/stowmark/internal/infra/cli/create.go:87.5,88.1 1 0
github.com/bruli-lab/stowmark/internal/infra/cli/create.go:90.4,97.1 2 0
github.com/bruli-lab/stowmark/internal/infra/cli/create.go:98.4,98.14 2 0
github.com/bruli-lab/stowmark/internal/infra/cli/create.go:102.2,108.1 4 0
github.com/bruli-lab/stowmark/internal/infra/cli/create.go:109.2,116.1 4 0
github.com/bruli-lab/stowmark/internal/infra/cli/create.go:117.2,117.12 4 0
github.com/bruli-lab/stowmark/internal/infra/cli/execute.go:8.2,13.1 5 0
github.com/bruli-lab/stowmark/internal/infra/cli/execute.go:15.2,18.1 5 0
github.com/bruli-lab/stowmark/internal/infra/cli/execute.go:19.2,20.1 5 0
github.com/bruli-lab/stowmark/internal/infra/cli/generate.go:14.2,19.52 2 0
github.com/bruli-lab/stowmark/internal/infra/cli/generate.go:20.4,21.18 2 0
github.com/bruli-lab/stowmark/internal/infra/cli/generate.go:22.5,23.1 1 0
github.com/bruli-lab/stowmark/internal/infra/cli/generate.go:24.4,24.17 1 0
github.com/bruli-lab/stowmark/internal/infra/cli/generate.go:25.5,26.1 1 0
github.com/bruli-lab/stowmark/internal/infra/cli/generate.go:27.4,30.18 4 0
github.com/bruli-lab/stowmark/internal/infra/cli/generate.go:31.5,32.1 1 0
github.com/bruli-lab/stowmark/internal/infra/cli/generate.go:33.4,35.18 3 0
github.com/bruli-lab/stowmark/internal/infra/cli/generate.go:36.5,37.1 1 0
github.com/bruli-lab/stowmark/internal/infra/cli/generate.go:38.4,39.18 2 0
github.com/bruli-lab/stowmark/internal/infra/cli/generate.go:40.5,41.1 1 0
github.com/bruli-lab/stowmark/internal/infra/cli/generate.go:42.4,43.14 2 0
github.com/bruli-lab/stowmark/internal/infra/cli/generate.go:47.2,53.1 3 0
github.com/bruli-lab/stowmark/internal/infra/cli/generate.go:54.2,55.1 3 0
github.com/bruli-lab/stowmark/internal/infra/cli/generate.go:56.2,56.12 3 0
github.com/bruli-lab/stowmark/internal/infra/cli/get.go:16.2,24.52 2 0
github.com/bruli-lab/stowmark/internal/infra/cli/get.go:25.4,26.18 2 0
github.com/bruli-lab/stowmark/internal/infra/cli/get.go:27.5,28.1 1 0
github.com/bruli-lab/stowmark/internal/infra/cli/get.go:29.4,30.18 2 0
github.com/bruli-lab/stowmark/internal/infra/cli/get.go:31.5,32.1 1 0
github.com/bruli-lab/stowmark/internal/infra/cli/get.go:33.4,33.17 1 0
github.com/bruli-lab/stowmark/internal/infra/cli/get.go:34.5,36.1 2 0
github.com/bruli-lab/stowmark/internal/infra/cli/get.go:38.4,39.18 2 0
github.com/bruli-lab/stowmark/internal/infra/cli/get.go:40.5,41.1 1 0
github.com/bruli-lab/stowmark/internal/infra/cli/get.go:42.4,44.19 3 0
github.com/bruli-lab/stowmark/internal/infra/cli/get.go:45.5,46.1 1 0
github.com/bruli-lab/stowmark/internal/infra/cli/get.go:47.4,52.11 4 0
github.com/bruli-lab/stowmark/internal/infra/cli/get.go:53.5,54.1 1 0
github.com/bruli-lab/stowmark/internal/infra/cli/get.go:55.4,55.18 1 0
github.com/bruli-lab/stowmark/internal/infra/cli/get.go:56.5,57.1 1 0
github.com/bruli-lab/stowmark/internal/infra/cli/get.go:58.4,58.53 1 0
github.com/bruli-lab/stowmark/internal/infra/cli/get.go:62.2,74.1 5 0
github.com/bruli-lab/stowmark/internal/infra/cli/get.go:75.2,77.1 5 0
github.com/bruli-lab/stowmark/internal/infra/cli/get.go:78.2,78.12 5 0
github.com/bruli-lab/stowmark/internal/infra/cli/get.go:85.2,93.1 4 0
github.com/bruli-lab/stowmark/internal/infra/cli/get.go:94.2,95.1 4 0
github.com/bruli-lab/stowmark/internal/infra/cli/get.go:96.2,105.16 4 0
github.com/bruli-lab/stowmark/internal/infra/cli/get.go:106.3,107.1 1 0
github.com/bruli-lab/stowmark/internal/infra/cli/get.go:109.2,112.16 1 0
github.com/bruli-lab/stowmark/internal/infra/cli/get.go:113.3,114.1 1 0
github.com/bruli-lab/stowmark/internal/infra/cli/get.go:116.2,116.40 1 0
github.com/bruli-lab/stowmark/internal/infra/cli/get.go:117.3,123.17 1 0
github.com/bruli-lab/stowmark/internal/infra/cli/get.go:124.4,125.1 1 0
github.com/bruli-lab/stowmark/internal/infra/cli/get.go:128.2,128.23 1 0
github.com/bruli-lab/stowmark/internal/infra/cli/init.go:18.2,26.1 2 0
github.com/bruli-lab/stowmark/internal/infra/cli/init.go:27.2,31.52 2 0
github.com/bruli-lab/stowmark/internal/infra/cli/init.go:32.4,33.18 2 0
github.com/bruli-lab/stowmark/internal/infra/cli/init.go:34.5,35.1 1 0
github.com/bruli-lab/stowmark/internal/infra/cli/init.go:36.4,37.18 2 0
github.com/bruli-lab/stowmark/internal/infra/cli/init.go:38.5,39.1 1 0
github.com/bruli-lab/stowmark/internal/infra/cli/init.go:40.4,40.17 1 0
github.com/bruli-lab/stowmark/internal/infra/cli/init.go:41.5,43.1 2 0
github.com/bruli-lab/stowmark/internal/infra/cli/init.go:44.4,46.18 3 0
github.com/bruli-lab/stowmark/internal/infra/cli/init.go:47.5,48.1 1 0
github.com/bruli-lab/stowmark/internal/infra/cli/init.go:50.4,51.18 2 0
github.com/bruli-lab/stowmark/internal/infra/cli/init.go:52.5,53.1 1 0
github.com/bruli-lab/stowmark/internal/infra/cli/init.go:55.4,56.1 3 0
github.com/bruli-lab/stowmark/internal/infra/cli/init.go:57.4,58.1 3 0
github.com/bruli-lab/stowmark/internal/infra/cli/init.go:59.4,59.23 3 0
github.com/bruli-lab/stowmark/internal/infra/cli/init.go:60.5,64.19 5 0
github.com/bruli-lab/stowmark/internal/infra/cli/init.go:65.6,66.1 1 0
github.com/bruli-lab/stowmark/internal/infra/cli/init.go:69.4,73.18 2 0
github.com/bruli-lab/stowmark/internal/infra/cli/init.go:74.5,75.1 1 0
github.com/bruli-lab/stowmark/internal/infra/cli/init.go:77.4,78.18 2 0
github.com/bruli-lab/stowmark/internal/infra/cli/init.go:79.5,80.1 1 0
github.com/bruli-lab/stowmark/internal/infra/cli/init.go:81.4,82.1 3 0
github.com/bruli-lab/stowmark/internal/infra/cli/init.go:83.4,87.18 3 0
github.com/bruli-lab/stowmark/internal/infra/cli/init.go:88.5,89.1 1 0
github.com/bruli-lab/stowmark/internal/infra/cli/init.go:90.4,90.24 1 0
github.com/bruli-lab/stowmark/internal/infra/cli/init.go:91.5,92.1 1 0
github.com/bruli-lab/stowmark/internal/infra/cli/init.go:93.4,95.11 3 0
github.com/bruli-lab/stowmark/internal/infra/cli/init.go:96.5,97.1 1 0
github.com/bruli-lab/stowmark/internal/infra/cli/init.go:99.4,109.44 3 0
github.com/bruli-lab/stowmark/internal/infra/cli/init.go:110.5,115.1 1 0
github.com/bruli-lab/stowmark/internal/infra/cli/init.go:117.4,117.14 1 0
github.com/bruli-lab/stowmark/internal/infra/cli/init.go:121.2,127.1 9 0
github.com/bruli-lab/stowmark/internal/infra/cli/init.go:128.2,134.1 9 0
github.com/bruli-lab/stowmark/internal/infra/cli/init.go:135.2,141.1 9 0
github.com/bruli-lab/stowmark/internal/infra/cli/init.go:142.2,148.1 9 0
github.com/bruli-lab/stowmark/internal/infra/cli/init.go:149.2,161.1 9 0
github.com/bruli-lab/stowmark/internal/infra/cli/init.go:162.2,164.1 9 0
github.com/bruli-lab/stowmark/internal/infra/cli/init.go:165.2,165.12 9 0
github.com/bruli-lab/stowmark/internal/infra/cli/key.go:8.2,11.1 5 0
github.com/bruli-lab/stowmark/internal/infra/cli/key.go:13.2,16.1 5 0
github.com/bruli-lab/stowmark/internal/infra/cli/key.go:17.2,18.1 5 0
github.com/bruli-lab/stowmark/internal/infra/cli/list.go:16.2,17.1 2 0
github.com/bruli-lab/stowmark/internal/infra/cli/list.go:18.2,22.52 2 0
github.com/bruli-lab/stowmark/internal/infra/cli/list.go:23.4,24.18 2 0
github.com/bruli-lab/stowmark/internal/infra/cli/list.go:25.5,26.1 1 0
github.com/bruli-lab/stowmark/internal/infra/cli/list.go:27.4,28.18 2 0
github.com/bruli-lab/stowmark/internal/infra/cli/list.go:29.5,30.1 1 0
github.com/bruli-lab/stowmark/internal/infra/cli/list.go:31.4,31.17 1 0
github.com/bruli-lab/stowmark/internal/infra/cli/list.go:32.5,34.1 2 0
github.com/bruli-lab/stowmark/internal/infra/cli/list.go:36.4,37.18 2 0
github.com/bruli-lab/stowmark/internal/infra/cli/list.go:38.5,39.1 1 0
github.com/bruli-lab/stowmark/internal/infra/cli/list.go:41.4,43.18 3 0
github.com/bruli-lab/stowmark/internal/infra/cli/list.go:44.5,45.1 1 0
github.com/bruli-lab/stowmark/internal/infra/cli/list.go:46.4,47.1 4 0
github.com/bruli-lab/stowmark/internal/infra/cli/list.go:48.4,50.11 4 0
github.com/bruli-lab/stowmark/internal/infra/cli/list.go:51.5,51.36 1 0
github.com/bruli-lab/stowmark/internal/infra/cli/list.go:53.4,53.18 1 0
github.com/bruli-lab/stowmark/internal/infra/cli/list.go:54.5,55.1 1 0
github.com/bruli-lab/stowmark/internal/infra/cli/list.go:57.4,57.27 1 0
github.com/bruli-lab/stowmark/internal/infra/cli/list.go:58.5,62.1 2 0
github.com/bruli-lab/stowmark/internal/infra/cli/list.go:63.5,64.1 2 0
github.com/bruli-lab/stowmark/internal/infra/cli/list.go:66.4,74.1 3 0
github.com/bruli-lab/stowmark/internal/infra/cli/list.go:75.4,79.18 3 0
github.com/bruli-lab/stowmark/internal/infra/cli/list.go:80.5,81.1 1 0
github.com/bruli-lab/stowmark/internal/infra/cli/list.go:83.4,83.35 1 0
github.com/bruli-lab/stowmark/internal/infra/cli/list.go:84.5,94.19 3 0
github.com/bruli-lab/stowmark/internal/infra/cli/list.go:95.6,96.1 1 0
github.com/bruli-lab/stowmark/internal/infra/cli/list.go:99.4,99.25 1 0
github.com/bruli-lab/stowmark/internal/infra/cli/list.go:103.2,109.1 3 0
github.com/bruli-lab/stowmark/internal/infra/cli/list.go:110.2,111.1 3 0
github.com/bruli-lab/stowmark/internal/infra/cli/list.go:112.2,112.12 3 0
github.com/bruli-lab/stowmark/internal/infra/cli/list.go:116.2,117.1 2 0
github.com/bruli-lab/stowmark/internal/infra/cli/list.go:118.2,118.17 2 0
github.com/bruli-lab/stowmark/internal/infra/cli/list.go:119.3,120.1 1 0
github.com/bruli-lab/stowmark/internal/infra/cli/list.go:122.2,124.1 3 0
github.com/bruli-lab/stowmark/internal/infra/cli/list.go:125.2,125.57 3 0
github.com/bruli-lab/stowmark/internal/infra/cli/list.go:126.3,128.1 2 0
github.com/bruli-lab/stowmark/internal/infra/cli/list.go:130.2,130.85 1 0
github.com/bruli-lab/stowmark/internal/infra/cli/observability.go:11.2,13.16 3 0
github.com/bruli-lab/stowmark/internal/infra/cli/observability.go:14.3,15.1 1 0
github.com/bruli-lab/stowmark/internal/infra/cli/observability.go:16.2,16.18 1 0
github.com/bruli-lab/stowmark/internal/infra/cli/print.go:15.2,23.1 3 0
github.com/bruli-lab/stowmark/internal/infra/cli/print.go:24.2,25.16 3 0
github.com/bruli-lab/stowmark/internal/infra/cli/print.go:26.3,27.1 1 0
github.com/bruli-lab/stowmark/internal/infra/cli/print.go:29.2,31.1 3 0
github.com/bruli-lab/stowmark/internal/infra/cli/print.go:32.2,44.16 3 0
github.com/bruli-lab/stowmark/internal/infra/cli/print.go:45.3,46.1 1 0
github.com/bruli-lab/stowmark/internal/infra/cli/print.go:48.2,48.22 1 0
github.com/bruli-lab/stowmark/internal/infra/cli/print.go:49.3,50.1 1 0
github.com/bruli-lab/stowmark/internal/infra/cli/print.go:52.2,55.16 1 0
github.com/bruli-lab/stowmark/internal/infra/cli/print.go:56.3,57.1 1 0
github.com/bruli-lab/stowmark/internal/infra/cli/print.go:59.2,59.31 1 0
github.com/bruli-lab/stowmark/internal/infra/cli/print.go:60.3,65.17 1 0
github.com/bruli-lab/stowmark/internal/infra/cli/print.go:66.4,67.1 1 0
github.com/bruli-lab/stowmark/internal/infra/cli/print.go:70.2,70.23 1 0
github.com/bruli-lab/stowmark/internal/infra/cli/rekey.go:16.2,25.52 2 0
github.com/bruli-lab/stowmark/internal/infra/cli/rekey.go:26.4,27.18 2 0
github.com/bruli-lab/stowmark/internal/infra/cli/rekey.go:28.5,29.1 1 0
github.com/bruli-lab/stowmark/internal/infra/cli/rekey.go:30.4,30.17 1 0
github.com/bruli-lab/stowmark/internal/infra/cli/rekey.go:31.5,32.1 1 0
github.com/bruli-lab/stowmark/internal/infra/cli/rekey.go:33.4,36.18 4 0
github.com/bruli-lab/stowmark/internal/infra/cli/rekey.go:37.5,38.1 1 0
github.com/bruli-lab/stowmark/internal/infra/cli/rekey.go:39.4,41.18 3 0
github.com/bruli-lab/stowmark/internal/infra/cli/rekey.go:42.5,43.1 1 0
github.com/bruli-lab/stowmark/internal/infra/cli/rekey.go:44.4,46.18 3 0
github.com/bruli-lab/stowmark/internal/infra/cli/rekey.go:47.5,48.1 1 0
github.com/bruli-lab/stowmark/internal/infra/cli/rekey.go:49.4,55.18 3 0
github.com/bruli-lab/stowmark/internal/infra/cli/rekey.go:56.5,57.1 1 0
github.com/bruli-lab/stowmark/internal/infra/cli/rekey.go:58.4,59.14 2 0
github.com/bruli-lab/stowmark/internal/infra/cli/rekey.go:63.2,81.1 7 0
github.com/bruli-lab/stowmark/internal/infra/cli/rekey.go:82.2,85.12 7 0
github.com/bruli-lab/stowmark/internal/infra/cli/restore.go:19.2,26.1 2 0
github.com/bruli-lab/stowmark/internal/infra/cli/restore.go:27.2,31.52 2 0
github.com/bruli-lab/stowmark/internal/infra/cli/restore.go:32.4,33.1 2 0
github.com/bruli-lab/stowmark/internal/infra/cli/restore.go:34.4,34.29 2 0
[...]
github.com/bruli-lab/stowmark/internal/infra/webdav/object_repository.go:295.3,296.1 1 0
github.com/bruli-lab/stowmark/internal/infra/webdav/object_repository.go:298.2,302.16 1 0
github.com/bruli-lab/stowmark/internal/infra/webdav/object_repository.go:303.3,304.1 2 0
github.com/bruli-lab/stowmark/internal/infra/webdav/object_repository.go:305.3,306.1 2 0
github.com/bruli-lab/stowmark/internal/infra/webdav/object_repository.go:308.2,308.34 1 0
github.com/bruli-lab/stowmark/internal/infra/webdav/object_repository.go:309.3,310.1 1 0
github.com/bruli-lab/stowmark/internal/infra/webdav/object_repository.go:312.2,313.16 2 0
github.com/bruli-lab/stowmark/internal/infra/webdav/object_repository.go:314.3,315.1 1 0
github.com/bruli-lab/stowmark/internal/infra/webdav/object_repository.go:317.2,317.18 1 0
github.com/bruli-lab/stowmark/internal/infra/webdav/object_repository.go:318.3,319.1 1 0
github.com/bruli-lab/stowmark/internal/infra/webdav/object_repository.go:321.2,321.41 1 0
github.com/bruli-lab/stowmark/internal/infra/webdav/object_repository.go:322.3,323.1 1 0
github.com/bruli-lab/stowmark/internal/infra/webdav/object_repository.go:325.2,325.12 1 0
github.com/bruli-lab/stowmark/internal/infra/webdav/object_repository.go:329.2,329.34 1 0
github.com/bruli-lab/stowmark/internal/infra/webdav/object_repository.go:330.3,331.1 1 0
github.com/bruli-lab/stowmark/internal/infra/webdav/object_repository.go:333.2,333.17 1 0
github.com/bruli-lab/stowmark/internal/infra/webdav/object_repository.go:334.3,335.1 1 0
github.com/bruli-lab/stowmark/internal/infra/webdav/object_repository.go:337.2,338.16 2 0
github.com/bruli-lab/stowmark/internal/infra/webdav/object_repository.go:339.3,340.1 1 0
github.com/bruli-lab/stowmark/internal/infra/webdav/object_repository.go:341.2,341.15 1 0
github.com/bruli-lab/stowmark/internal/infra/webdav/object_repository.go:342.3,343.1 1 0
github.com/bruli-lab/stowmark/internal/infra/webdav/object_repository.go:345.2,346.16 2 0
github.com/bruli-lab/stowmark/internal/infra/webdav/object_repository.go:347.3,348.1 1 0
github.com/bruli-lab/stowmark/internal/infra/webdav/object_repository.go:350.2,360.16 2 0
github.com/bruli-lab/stowmark/internal/infra/webdav/object_repository.go:361.3,362.1 1 0
github.com/bruli-lab/stowmark/internal/infra/webdav/object_repository.go:364.2,365.1 2 0
github.com/bruli-lab/stowmark/internal/infra/webdav/object_repository.go:366.2,366.62 2 0
github.com/bruli-lab/stowmark/internal/infra/webdav/object_repository.go:367.3,368.1 1 0
github.com/bruli-lab/stowmark/internal/infra/webdav/object_repository.go:370.2,374.16 1 0
github.com/bruli-lab/stowmark/internal/infra/webdav/object_repository.go:375.3,380.1 1 0
github.com/bruli-lab/stowmark/internal/infra/webdav/object_repository.go:382.2,383.16 2 0
github.com/bruli-lab/stowmark/internal/infra/webdav/object_repository.go:384.3,389.1 1 0
github.com/bruli-lab/stowmark/internal/infra/webdav/object_repository.go:391.2,391.18 1 0
github.com/bruli-lab/stowmark/internal/infra/webdav/object_repository.go:392.3,396.1 1 0
github.com/bruli-lab/stowmark/internal/infra/webdav/object_repository.go:398.2,398.12 1 0
github.com/bruli-lab/stowmark/internal/infra/webdav/object_repository.go:402.2,402.34 1 0
github.com/bruli-lab/stowmark/internal/infra/webdav/object_repository.go:403.3,404.1 1 0
github.com/bruli-lab/stowmark/internal/infra/webdav/object_repository.go:406.2,406.19 1 0
github.com/bruli-lab/stowmark/internal/infra/webdav/object_repository.go:407.3,408.1 1 0
github.com/bruli-lab/stowmark/internal/infra/webdav/object_repository.go:410.2,412.1 4 0
github.com/bruli-lab/stowmark/internal/infra/webdav/object_repository.go:413.2,414.9 4 0
github.com/bruli-lab/stowmark/internal/infra/webdav/object_repository.go:416.3,416.19 1 0
github.com/bruli-lab/stowmark/internal/infra/webdav/object_repository.go:417.4,421.1 1 0
github.com/bruli-lab/stowmark/internal/infra/webdav/object_repository.go:423.3,423.19 1 0
github.com/bruli-lab/stowmark/internal/infra/webdav/object_repository.go:426.3,426.20 1 0
github.com/bruli-lab/stowmark/internal/infra/webdav/object_repository.go:429.3,429.79 1 0
github.com/bruli-lab/stowmark/internal/infra/webdav/object_repository.go:434.2,437.9 4 0
github.com/bruli-lab/stowmark/internal/infra/webdav/object_repository.go:439.3,439.13 1 0
github.com/bruli-lab/stowmark/internal/infra/webdav/object_repository.go:442.3,445.4 1 0
github.com/bruli-lab/stowmark/internal/infra/webdav/object_repository.go:448.3,452.4 1 0
github.com/bruli-lab/stowmark/internal/infra/webdav/object_repository.go:455.2,455.64 1 0
github.com/bruli-lab/stowmark/internal/infra/webdav/object_repository.go:456.3,457.1 1 0
github.com/bruli-lab/stowmark/internal/infra/webdav/object_repository.go:459.2,460.1 2 0
github.com/bruli-lab/stowmark/internal/infra/webdav/object_repository.go:461.2,461.12 2 0
github.com/bruli-lab/stowmark/internal/infra/webdav/object_repository.go:465.2,465.34 1 0
github.com/bruli-lab/stowmark/internal/infra/webdav/object_repository.go:466.3,467.1 1 0
github.com/bruli-lab/stowmark/internal/infra/webdav/object_repository.go:469.2,469.17 1 0
github.com/bruli-lab/stowmark/internal/infra/webdav/object_repository.go:470.3,471.1 1 0
github.com/bruli-lab/stowmark/internal/infra/webdav/object_repository.go:473.2,473.16 1 0
github.com/bruli-lab/stowmark/internal/infra/webdav/object_repository.go:474.3,475.1 1 0
github.com/bruli-lab/stowmark/internal/infra/webdav/object_repository.go:477.2,478.16 2 0
github.com/bruli-lab/stowmark/internal/infra/webdav/object_repository.go:479.3,480.1 1 0
github.com/bruli-lab/stowmark/internal/infra/webdav/object_repository.go:482.2,483.1 2 0
github.com/bruli-lab/stowmark/internal/infra/webdav/object_repository.go:484.2,484.74 2 0
github.com/bruli-lab/stowmark/internal/infra/webdav/object_repository.go:485.3,486.1 1 0
github.com/bruli-lab/stowmark/internal/infra/webdav/object_repository.go:488.2,489.16 2 0
github.com/bruli-lab/stowmark/internal/infra/webdav/object_repository.go:490.3,491.1 1 0
github.com/bruli-lab/stowmark/internal/infra/webdav/object_repository.go:493.2,495.1 3 0
github.com/bruli-lab/stowmark/internal/infra/webdav/object_repository.go:496.2,496.15 3 0
github.com/bruli-lab/stowmark/internal/infra/webdav/object_repository.go:497.3,497.25 1 0
github.com/bruli-lab/stowmark/internal/infra/webdav/object_repository.go:498.4,499.1 1 0
github.com/bruli-lab/stowmark/internal/infra/webdav/object_repository.go:501.3,501.24 1 0
github.com/bruli-lab/stowmark/internal/infra/webdav/object_repository.go:502.4,503.1 1 0
github.com/bruli-lab/stowmark/internal/infra/webdav/object_repository.go:506.2,507.1 2 0
github.com/bruli-lab/stowmark/internal/infra/webdav/object_repository.go:508.2,508.34 2 0
github.com/bruli-lab/stowmark/internal/infra/webdav/object_repository.go:509.3,509.35 1 0
github.com/bruli-lab/stowmark/internal/infra/webdav/object_repository.go:510.4,511.1 1 0
github.com/bruli-lab/stowmark/internal/infra/webdav/object_repository.go:513.3,514.17 2 0
github.com/bruli-lab/stowmark/internal/infra/webdav/object_repository.go:515.4,522.1 1 0
github.com/bruli-lab/stowmark/internal/infra/webdav/object_repository.go:524.3,524.26 1 0
github.com/bruli-lab/stowmark/internal/infra/webdav/object_repository.go:527.2,527.32 1 0
github.com/bruli-lab/stowmark/internal/infra/webdav/object_repository.go:528.3,534.1 1 0
github.com/bruli-lab/stowmark/internal/infra/webdav/object_repository.go:536.2,536.44 1 0
github.com/bruli-lab/stowmark/internal/infra/webdav/object_repository.go:537.3,539.1 2 0
github.com/bruli-lab/stowmark/internal/infra/webdav/object_repository.go:541.2,543.1 3 0
github.com/bruli-lab/stowmark/internal/infra/webdav/object_repository.go:544.2,544.12 3 0
github.com/bruli-lab/stowmark/internal/infra/webdav/object_repository.go:548.2,548.34 1 0
github.com/bruli-lab/stowmark/internal/infra/webdav/object_repository.go:549.3,550.1 1 0
github.com/bruli-lab/stowmark/internal/infra/webdav/object_repository.go:552.2,552.19 1 0
github.com/bruli-lab/stowmark/internal/infra/webdav/object_repository.go:553.3,554.1 1 0
github.com/bruli-lab/stowmark/internal/infra/webdav/object_repository.go:556.2,558.1 4 0
github.com/bruli-lab/stowmark/internal/infra/webdav/object_repository.go:559.2,560.16 4 0
github.com/bruli-lab/stowmark/internal/infra/webdav/object_repository.go:561.3,561.34 1 0
github.com/bruli-lab/stowmark/internal/infra/webdav/object_repository.go:562.4,563.1 1 0
github.com/bruli-lab/stowmark/internal/infra/webdav/object_repository.go:565.3,565.69 1 0
github.com/bruli-lab/stowmark/internal/infra/webdav/object_repository.go:567.2,567.15 1 0
github.com/bruli-lab/stowmark/internal/infra/webdav/object_repository.go:568.3,569.1 1 0
github.com/bruli-lab/stowmark/internal/infra/webdav/object_repository.go:571.2,572.1 2 0
github.com/bruli-lab/stowmark/internal/infra/webdav/object_repository.go:573.2,573.27 2 0
github.com/bruli-lab/stowmark/internal/infra/webdav/object_repository.go:574.3,575.17 2 0
github.com/bruli-lab/stowmark/internal/infra/webdav/object_repository.go:576.4,577.1 1 0
github.com/bruli-lab/stowmark/internal/infra/webdav/object_repository.go:580.2,581.16 2 0
github.com/bruli-lab/stowmark/internal/infra/webdav/object_repository.go:582.3,583.1 1 0
github.com/bruli-lab/stowmark/internal/infra/webdav/object_repository.go:585.2,586.16 2 0
github.com/bruli-lab/stowmark/internal/infra/webdav/object_repository.go:587.3,588.1 1 0
github.com/bruli-lab/stowmark/internal/infra/webdav/object_repository.go:590.2,590.27 1 0
github.com/bruli-lab/stowmark/internal/infra/webdav/object_repository.go:591.3,592.1 1 0
github.com/bruli-lab/stowmark/internal/infra/webdav/object_repository.go:594.2,598.16 2 0
github.com/bruli-lab/stowmark/internal/infra/webdav/object_repository.go:599.3,600.1 1 0
github.com/bruli-lab/stowmark/internal/infra/webdav/object_repository.go:602.2,602.21 1 0
github.com/bruli-lab/stowmark/internal/infra/webdav/object_repository.go:606.2,615.1 2 0
github.com/bruli-lab/stowmark/pkg/stowmark/create_snapshot.go:21.2,22.16 2 0
github.com/bruli-lab/stowmark/pkg/stowmark/create_snapshot.go:23.3,24.1 1 0
github.com/bruli-lab/stowmark/pkg/stowmark/create_snapshot.go:25.2,25.15 1 0
github.com/bruli-lab/stowmark/pkg/stowmark/create_snapshot.go:26.3,27.1 1 0
github.com/bruli-lab/stowmark/pkg/stowmark/create_snapshot.go:28.2,36.16 3 0
github.com/bruli-lab/stowmark/pkg/stowmark/create_snapshot.go:37.3,38.1 1 0
github.com/bruli-lab/stowmark/pkg/stowmark/create_snapshot.go:39.2,40.1 3 0
github.com/bruli-lab/stowmark/pkg/stowmark/create_snapshot.go:41.2,46.16 3 0
github.com/bruli-lab/stowmark/pkg/stowmark/create_snapshot.go:47.3,48.1 1 0
github.com/bruli-lab/stowmark/pkg/stowmark/create_snapshot.go:49.2,49.22 1 0
github.com/bruli-lab/stowmark/pkg/stowmark/create_snapshot.go:50.3,51.1 1 0
github.com/bruli-lab/stowmark/pkg/stowmark/create_snapshot.go:52.2,53.9 2 0
github.com/bruli-lab/stowmark/pkg/stowmark/create_snapshot.go:54.3,55.1 1 0
github.com/bruli-lab/stowmark/pkg/stowmark/create_snapshot.go:56.2,60.8 1 0
github.com/bruli-lab/stowmark/pkg/stowmark/get_manifest.go:33.2,34.16 2 0
github.com/bruli-lab/stowmark/pkg/stowmark/get_manifest.go:35.3,36.1 1 0
github.com/bruli-lab/stowmark/pkg/stowmark/get_manifest.go:37.2,37.15 1 0
github.com/bruli-lab/stowmark/pkg/stowmark/get_manifest.go:38.3,39.1 1 0
github.com/bruli-lab/stowmark/pkg/stowmark/get_manifest.go:40.2,42.16 3 0
github.com/bruli-lab/stowmark/pkg/stowmark/get_manifest.go:43.3,44.1 1 0
github.com/bruli-lab/stowmark/pkg/stowmark/get_manifest.go:45.2,49.16 3 0
github.com/bruli-lab/stowmark/pkg/stowmark/get_manifest.go:50.3,51.1 1 0
github.com/bruli-lab/stowmark/pkg/stowmark/get_manifest.go:52.2,53.9 2 0
github.com/bruli-lab/stowmark/pkg/stowmark/get_manifest.go:54.3,55.1 1 0
github.com/bruli-lab/stowmark/pkg/stowmark/get_manifest.go:57.2,58.40 2 0
github.com/bruli-lab/stowmark/pkg/stowmark/get_manifest.go:59.3,60.39 2 0
github.com/bruli-lab/stowmark/pkg/stowmark/get_manifest.go:61.4,65.1 1 0
github.com/bruli-lab/stowmark/pkg/stowmark/get_manifest.go:67.3,72.1 1 0
github.com/bruli-lab/stowmark/pkg/stowmark/get_manifest.go:75.2,80.8 1 0
github.com/bruli-lab/stowmark/pkg/stowmark/handler.go:26.2,27.1 1 0
github.com/bruli-lab/stowmark/pkg/stowmark/handler.go:30.2,31.16 2 0
github.com/bruli-lab/stowmark/pkg/stowmark/handler.go:32.3,33.1 1 0
github.com/bruli-lab/stowmark/pkg/stowmark/handler.go:35.2,38.16 4 0
github.com/bruli-lab/stowmark/pkg/stowmark/handler.go:39.3,40.1 1 0
github.com/bruli-lab/stowmark/pkg/stowmark/handler.go:41.2,42.16 2 0
github.com/bruli-lab/stowmark/pkg/stowmark/handler.go:43.3,44.1 1 0
github.com/bruli-lab/stowmark/pkg/stowmark/handler.go:46.2,55.8 1 0
github.com/bruli-lab/stowmark/pkg/stowmark/init.go:21.2,23.16 3 0
github.com/bruli-lab/stowmark/pkg/stowmark/init.go:24.3,25.1 1 0
github.com/bruli-lab/stowmark/pkg/stowmark/init.go:26.2,27.16 2 0
github.com/bruli-lab/stowmark/pkg/stowmark/init.go:28.3,29.1 1 0
github.com/bruli-lab/stowmark/pkg/stowmark/init.go:30.2,31.22 2 0
github.com/bruli-lab/stowmark/pkg/stowmark/init.go:32.3,34.17 3 0
github.com/bruli-lab/stowmark/pkg/stowmark/init.go:35.4,36.1 1 0
github.com/bruli-lab/stowmark/pkg/stowmark/init.go:38.2,40.16 3 0
github.com/bruli-lab/stowmark/pkg/stowmark/init.go:41.3,42.1 1 0
github.com/bruli-lab/stowmark/pkg/stowmark/init.go:44.2,45.16 2 0
github.com/bruli-lab/stowmark/pkg/stowmark/init.go:46.3,47.1 1 0
github.com/bruli-lab/stowmark/pkg/stowmark/init.go:48.2,48.15 1 0
github.com/bruli-lab/stowmark/pkg/stowmark/init.go:49.3,50.1 1 0
github.com/bruli-lab/stowmark/pkg/stowmark/init.go:51.2,52.16 2 0
github.com/bruli-lab/stowmark/pkg/stowmark/init.go:53.3,54.1 1 0
github.com/bruli-lab/stowmark/pkg/stowmark/init.go:55.2,60.22 3 0
github.com/bruli-lab/stowmark/pkg/stowmark/init.go:61.3,62.1 1 0
github.com/bruli-lab/stowmark/pkg/stowmark/init.go:63.2,64.9 2 0
github.com/bruli-lab/stowmark/pkg/stowmark/init.go:65.3,66.1 1 0
github.com/bruli-lab/stowmark/pkg/stowmark/init.go:67.2,67.16 1 0
github.com/bruli-lab/stowmark/pkg/stowmark/init.go:68.3,69.1 1 0
github.com/bruli-lab/stowmark/pkg/stowmark/init.go:70.2,70.42 1 0
github.com/bruli-lab/stowmark/pkg/stowmark/init.go:71.3,72.1 1 0
github.com/bruli-lab/stowmark/pkg/stowmark/init.go:73.2,73.12 1 0
github.com/bruli-lab/stowmark/pkg/stowmark/key_generate.go:12.2,13.16 2 0
github.com/bruli-lab/stowmark/pkg/stowmark/key_generate.go:14.3,15.1 1 0
github.com/bruli-lab/stowmark/pkg/stowmark/key_generate.go:16.2,16.15 1 0
github.com/bruli-lab/stowmark/pkg/stowmark/key_generate.go:17.3,18.1 1 0
github.com/bruli-lab/stowmark/pkg/stowmark/key_generate.go:19.2,20.16 2 0
github.com/bruli-lab/stowmark/pkg/stowmark/key_generate.go:21.3,22.1 1 0
github.com/bruli-lab/stowmark/pkg/stowmark/key_generate.go:23.2,25.16 3 0
github.com/bruli-lab/stowmark/pkg/stowmark/key_generate.go:26.3,27.1 1 0
github.com/bruli-lab/stowmark/pkg/stowmark/key_generate.go:28.2,30.16 3 0
github.com/bruli-lab/stowmark/pkg/stowmark/key_generate.go:31.3,32.1 1 0
github.com/bruli-lab/stowmark/pkg/stowmark/key_generate.go:33.2,33.18 1 0
github.com/bruli-lab/stowmark/pkg/stowmark/list_snapshots.go:22.2,23.16 2 0
github.com/bruli-lab/stowmark/pkg/stowmark/list_snapshots.go:24.3,25.1 1 0
github.com/bruli-lab/stowmark/pkg/stowmark/list_snapshots.go:26.2,26.15 1 0
github.com/bruli-lab/stowmark/pkg/stowmark/list_snapshots.go:27.3,28.1 1 0
github.com/bruli-lab/stowmark/pkg/stowmark/list_snapshots.go:29.2,31.16 3 0
github.com/bruli-lab/stowmark/pkg/stowmark/list_snapshots.go:32.3,33.1 1 0
github.com/bruli-lab/stowmark/pkg/stowmark/list_snapshots.go:34.2,36.16 3 0
github.com/bruli-lab/stowmark/pkg/stowmark/list_snapshots.go:37.3,38.1 1 0
github.com/bruli-lab/stowmark/pkg/stowmark/list_snapshots.go:39.2,40.9 2 0
github.com/bruli-lab/stowmark/pkg/stowmark/list_snapshots.go:41.3,42.1 1 0
github.com/bruli-lab/stowmark/pkg/stowmark/list_snapshots.go:44.2,45.29 2 0
github.com/bruli-lab/stowmark/pkg/stowmark/list_snapshots.go:46.3,52.1 1 0
github.com/bruli-lab/stowmark/pkg/stowmark/list_snapshots.go:55.2,55.20 1 0
github.com/bruli-lab/stowmark/pkg/stowmark/observability.go:11.2,13.16 3 0
github.com/bruli-lab/stowmark/pkg/stowmark/observability.go:14.3,15.1 1 0
github.com/bruli-lab/stowmark/pkg/stowmark/observability.go:16.2,16.18 1 0
github.com/bruli-lab/stowmark/pkg/stowmark/rekey.go:12.2,13.16 2 0
github.com/bruli-lab/stowmark/pkg/stowmark/rekey.go:14.3,15.1 1 0
github.com/bruli-lab/stowmark/pkg/stowmark/rekey.go:16.2,16.15 1 0
github.com/bruli-lab/stowmark/pkg/stowmark/rekey.go:17.3,18.1 1 0
github.com/bruli-lab/stowmark/pkg/stowmark/rekey.go:19.2,21.16 3 0
github.com/bruli-lab/stowmark/pkg/stowmark/rekey.go:22.3,23.1 1 0
github.com/bruli-lab/stowmark/pkg/stowmark/rekey.go:24.2,30.16 3 0
github.com/bruli-lab/stowmark/pkg/stowmark/rekey.go:31.3,32.1 1 0
github.com/bruli-lab/stowmark/pkg/stowmark/rekey.go:33.2,33.12 1 0
github.com/bruli-lab/stowmark/pkg/stowmark/restore_file.go:15.2,16.16 2 0
github.com/bruli-lab/stowmark/pkg/stowmark/restore_file.go:17.3,18.1 1 0
github.com/bruli-lab/stowmark/pkg/stowmark/restore_file.go:19.2,19.15 1 0
github.com/bruli-lab/stowmark/pkg/stowmark/restore_file.go:20.3,21.1 1 0
github.com/bruli-lab/stowmark/pkg/stowmark/restore_file.go:22.2,30.16 4 0
github.com/bruli-lab/stowmark/pkg/stowmark/restore_file.go:31.3,32.1 1 0
github.com/bruli-lab/stowmark/pkg/stowmark/restore_file.go:33.2,41.12 3 0
github.com/bruli-lab/stowmark/pkg/stowmark/restore_snapshot.go:16.2,17.16 2 0
github.com/bruli-lab/stowmark/pkg/stowmark/restore_snapshot.go:18.3,19.1 1 0
github.com/bruli-lab/stowmark/pkg/stowmark/restore_snapshot.go:20.2,20.15 1 0
github.com/bruli-lab/stowmark/pkg/stowmark/restore_snapshot.go:21.3,22.1 1 0
github.com/bruli-lab/stowmark/pkg/stowmark/restore_snapshot.go:23.2,31.16 4 0
github.com/bruli-lab/stowmark/pkg/stowmark/restore_snapshot.go:32.3,33.1 1 0
github.com/bruli-lab/stowmark/pkg/stowmark/restore_snapshot.go:34.2,41.16 3 0
github.com/bruli-lab/stowmark/pkg/stowmark/restore_snapshot.go:42.3,43.1 1 0
github.com/bruli-lab/stowmark/pkg/stowmark/restore_snapshot.go:44.2,44.22 1 0
github.com/bruli-lab/stowmark/pkg/stowmark/restore_snapshot.go:45.3,46.1 1 0
github.com/bruli-lab/stowmark/pkg/stowmark/restore_snapshot.go:47.2,48.9 2 0
github.com/bruli-lab/stowmark/pkg/stowmark/restore_snapshot.go:49.3,50.1 1 0
github.com/bruli-lab/stowmark/pkg/stowmark/restore_snapshot.go:51.2,52.39 2 0
github.com/bruli-lab/stowmark/pkg/stowmark/restore_snapshot.go:53.3,56.1 1 0
github.com/bruli-lab/stowmark/pkg/stowmark/restore_snapshot.go:58.2,63.8 1 0
github.com/bruli-lab/stowmark/pkg/stowmark/rewrap.go:12.2,13.16 2 0
github.com/bruli-lab/stowmark/pkg/stowmark/rewrap.go:14.3,15.1 1 0
github.com/bruli-lab/stowmark/pkg/stowmark/rewrap.go:16.2,16.15 1 0
github.com/bruli-lab/stowmark/pkg/stowmark/rewrap.go:17.3,18.1 1 0
github.com/bruli-lab/stowmark/pkg/stowmark/rewrap.go:19.2,21.16 3 0
github.com/bruli-lab/stowmark/pkg/stowmark/rewrap.go:22.3,23.1 1 0
github.com/bruli-lab/stowmark/pkg/stowmark/rewrap.go:24.2,30.12 3 0
github.com/bruli-lab/stowmark/pkg/stowmark/verify_snapshot.go:25.2,26.16 2 0
github.com/bruli-lab/stowmark/pkg/stowmark/verify_snapshot.go:27.3,28.1 1 0
github.com/bruli-lab/stowmark/pkg/stowmark/verify_snapshot.go:29.2,29.15 1 0
github.com/bruli-lab/stowmark/pkg/stowmark/verify_snapshot.go:30.3,31.1 1 0
github.com/bruli-lab/stowmark/pkg/stowmark/verify_snapshot.go:32.2,35.16 4 0
github.com/bruli-lab/stowmark/pkg/stowmark/verify_snapshot.go:36.3,37.1 1 0
github.com/bruli-lab/stowmark/pkg/stowmark/verify_snapshot.go:38.2,44.16 3 0
github.com/bruli-lab/stowmark/pkg/stowmark/verify_snapshot.go:45.3,46.1 1 0
github.com/bruli-lab/stowmark/pkg/stowmark/verify_snapshot.go:47.2,48.9 2 0
github.com/bruli-lab/stowmark/pkg/stowmark/verify_snapshot.go:49.3,50.1 1 0
github.com/bruli-lab/stowmark/pkg/stowmark/verify_snapshot.go:51.2,52.36 2 0
github.com/bruli-lab/stowmark/pkg/stowmark/verify_snapshot.go:53.3,56.1 1 0
github.com/bruli-lab/stowmark/pkg/stowmark/verify_snapshot.go:59.2,64.8 1 0
